<testsuite errors="0" failures="0" hostname="talonpc" name="testsuite" skipped="0" tests="120"><testcase classname="casper_adder_lib.common_add_sub_tb" name="direc = ADD, add_sub = 1, i_pipe = 0, o_pipe = 5, in_dat_w = 4, out_dat_w = 4" time="0.3"><system-out>../../src/ieee2008/numeric_std-body.vhdl:3062:7:@0ms:(assertion warning): NUMERIC_STD.TO_INTEGER: metavalue detected, returning 0
../../src/ieee2008/numeric_std-body.vhdl:3062:7:@0ms:(assertion warning): NUMERIC_STD.TO_INTEGER: metavalue detected, returning 0
../../src/ieee2008/numeric_std-body.vhdl:3117:7:@225ns:(assertion warning): NUMERIC_STD.TO_SIGNED: vector truncated
../../src/ieee2008/numeric_std-body.vhdl:3117:7:@235ns:(assertion warning): NUMERIC_STD.TO_SIGNED: vector truncated
../../src/ieee2008/numeric_std-body.vhdl:3117:7:@245ns:(assertion warning): NUMERIC_STD.TO_SIGNED: vector truncated
../../src/ieee2008/numeric_std-body.vhdl:3117:7:@245ns:(assertion warning): NUMERIC_STD.TO_SIGNED: vector truncated
../../src/ieee2008/numeric_std-body.vhdl:3117:7:@255ns:(assertion warning): NUMERIC_STD.TO_SIGNED: vector truncated
../../src/ieee2008/numeric_std-body.vhdl:3117:7:@255ns:(assertion warning): NUMERIC_STD.TO_SIGNED: vector truncated
../../src/ieee2008/numeric_std-body.vhdl:3117:7:@265ns:(assertion warning): NUMERIC_STD.TO_SIGNED: vector truncated
../../src/ieee2008/numeric_std-body.vhdl:3117:7:@265ns:(assertion warning): NUMERIC_STD.TO_SIGNED: vector truncated
../../src/ieee2008/numeric_std-body.vhdl:3117:7:@275ns:(assertion warning): NUMERIC_STD.TO_SIGNED: vector truncated
../../src/ieee2008/numeric_std-body.vhdl:3117:7:@275ns:(assertion warning): NUMERIC_STD.TO_SIGNED: vector truncated
simulation stopped @3355ns with status 0
</system-out></testcase><testcase classname="casper_adder_lib.common_add_sub_tb" name="direc = ADD, add_sub = 1, i_pipe = 0, o_pipe = 5, in_dat_w = 4, out_dat_w = 5" time="0.3"><system-out>../../src/ieee2008/numeric_std-body.vhdl:3062:7:@0ms:(assertion warning): NUMERIC_STD.TO_INTEGER: metavalue detected, returning 0
../../src/ieee2008/numeric_std-body.vhdl:3062:7:@0ms:(assertion warning): NUMERIC_STD.TO_INTEGER: metavalue detected, returning 0
../../src/ieee2008/numeric_std-body.vhdl:3117:7:@225ns:(assertion warning): NUMERIC_STD.TO_SIGNED: vector truncated
../../src/ieee2008/numeric_std-body.vhdl:3117:7:@235ns:(assertion warning): NUMERIC_STD.TO_SIGNED: vector truncated
../../src/ieee2008/numeric_std-body.vhdl:3117:7:@245ns:(assertion warning): NUMERIC_STD.TO_SIGNED: vector truncated
../../src/ieee2008/numeric_std-body.vhdl:3117:7:@245ns:(assertion warning): NUMERIC_STD.TO_SIGNED: vector truncated
../../src/ieee2008/numeric_std-body.vhdl:3117:7:@255ns:(assertion warning): NUMERIC_STD.TO_SIGNED: vector truncated
../../src/ieee2008/numeric_std-body.vhdl:3117:7:@255ns:(assertion warning): NUMERIC_STD.TO_SIGNED: vector truncated
../../src/ieee2008/numeric_std-body.vhdl:3117:7:@265ns:(assertion warning): NUMERIC_STD.TO_SIGNED: vector truncated
../../src/ieee2008/numeric_std-body.vhdl:3117:7:@265ns:(assertion warning): NUMERIC_STD.TO_SIGNED: vector truncated
../../src/ieee2008/numeric_std-body.vhdl:3117:7:@275ns:(assertion warning): NUMERIC_STD.TO_SIGNED: vector truncated
../../src/ieee2008/numeric_std-body.vhdl:3117:7:@275ns:(assertion warning): NUMERIC_STD.TO_SIGNED: vector truncated
simulation stopped @3355ns with status 0
</system-out></testcase><testcase classname="casper_adder_lib.common_add_sub_tb" name="direc = ADD, add_sub = 1, i_pipe = 0, o_pipe = 5, in_dat_w = 5, out_dat_w = 5" time="0.3"><system-out>../../src/ieee2008/numeric_std-body.vhdl:3062:7:@0ms:(assertion warning): NUMERIC_STD.TO_INTEGER: metavalue detected, returning 0
../../src/ieee2008/numeric_std-body.vhdl:3062:7:@0ms:(assertion warning): NUMERIC_STD.TO_INTEGER: metavalue detected, returning 0
simulation stopped @11035ns with status 0
</system-out></testcase><testcase classname="casper_adder_lib.common_add_sub_tb" name="direc = ADD, add_sub = 1, i_pipe = 0, o_pipe = 5, in_dat_w = 5, out_dat_w = 6" time="0.3"><system-out>../../src/ieee2008/numeric_std-body.vhdl:3062:7:@0ms:(assertion warning): NUMERIC_STD.TO_INTEGER: metavalue detected, returning 0
../../src/ieee2008/numeric_std-body.vhdl:3062:7:@0ms:(assertion warning): NUMERIC_STD.TO_INTEGER: metavalue detected, returning 0
simulation stopped @11035ns with status 0
</system-out></testcase><testcase classname="casper_adder_lib.common_add_sub_tb" name="direc = ADD, add_sub = 1, i_pipe = 0, o_pipe = 5, in_dat_w = 6, out_dat_w = 6" time="0.3"><system-out>../../src/ieee2008/numeric_std-body.vhdl:3062:7:@0ms:(assertion warning): NUMERIC_STD.TO_INTEGER: metavalue detected, returning 0
../../src/ieee2008/numeric_std-body.vhdl:3062:7:@0ms:(assertion warning): NUMERIC_STD.TO_INTEGER: metavalue detected, returning 0
simulation stopped @41755ns with status 0
</system-out></testcase><testcase classname="casper_adder_lib.common_add_sub_tb" name="direc = ADD, add_sub = 1, i_pipe = 0, o_pipe = 5, in_dat_w = 6, out_dat_w = 7" time="0.3"><system-out>../../src/ieee2008/numeric_std-body.vhdl:3062:7:@0ms:(assertion warning): NUMERIC_STD.TO_INTEGER: metavalue detected, returning 0
../../src/ieee2008/numeric_std-body.vhdl:3062:7:@0ms:(assertion warning): NUMERIC_STD.TO_INTEGER: metavalue detected, returning 0
simulation stopped @41755ns with status 0
</system-out></testcase><testcase classname="casper_adder_lib.common_add_sub_tb" name="direc = ADD, add_sub = 1, i_pipe = 0, o_pipe = 5, in_dat_w = 7, out_dat_w = 7" time="0.5"><system-out>../../src/ieee2008/numeric_std-body.vhdl:3062:7:@0ms:(assertion warning): NUMERIC_STD.TO_INTEGER: metavalue detected, returning 0
../../src/ieee2008/numeric_std-body.vhdl:3062:7:@0ms:(assertion warning): NUMERIC_STD.TO_INTEGER: metavalue detected, returning 0
simulation stopped @164635ns with status 0
</system-out></testcase><testcase classname="casper_adder_lib.common_add_sub_tb" name="direc = ADD, add_sub = 1, i_pipe = 0, o_pipe = 5, in_dat_w = 7, out_dat_w = 8" time="0.5"><system-out>../../src/ieee2008/numeric_std-body.vhdl:3062:7:@0ms:(assertion warning): NUMERIC_STD.TO_INTEGER: metavalue detected, returning 0
../../src/ieee2008/numeric_std-body.vhdl:3062:7:@0ms:(assertion warning): NUMERIC_STD.TO_INTEGER: metavalue detected, returning 0
simulation stopped @164635ns with status 0
</system-out></testcase><testcase classname="casper_adder_lib.common_add_sub_tb" name="direc = ADD, add_sub = 1, i_pipe = 0, o_pipe = 5, in_dat_w = 8, out_dat_w = 8" time="1.0"><system-out>../../src/ieee2008/numeric_std-body.vhdl:3062:7:@0ms:(assertion warning): NUMERIC_STD.TO_INTEGER: metavalue detected, returning 0
../../src/ieee2008/numeric_std-body.vhdl:3062:7:@0ms:(assertion warning): NUMERIC_STD.TO_INTEGER: metavalue detected, returning 0
simulation stopped @656155ns with status 0
</system-out></testcase><testcase classname="casper_adder_lib.common_add_sub_tb" name="direc = ADD, add_sub = 1, i_pipe = 0, o_pipe = 5, in_dat_w = 8, out_dat_w = 9" time="1.0"><system-out>../../src/ieee2008/numeric_std-body.vhdl:3062:7:@0ms:(assertion warning): NUMERIC_STD.TO_INTEGER: metavalue detected, returning 0
../../src/ieee2008/numeric_std-body.vhdl:3062:7:@0ms:(assertion warning): NUMERIC_STD.TO_INTEGER: metavalue detected, returning 0
simulation stopped @656155ns with status 0
</system-out></testcase><testcase classname="casper_adder_lib.common_add_sub_tb" name="direc = ADD, add_sub = 1, i_pipe = 1, o_pipe = 5, in_dat_w = 4, out_dat_w = 4" time="0.3"><system-out>../../src/ieee2008/numeric_std-body.vhdl:3062:7:@0ms:(assertion warning): NUMERIC_STD.TO_INTEGER: metavalue detected, returning 0
../../src/ieee2008/numeric_std-body.vhdl:3062:7:@0ms:(assertion warning): NUMERIC_STD.TO_INTEGER: metavalue detected, returning 0
../../src/ieee2008/numeric_std-body.vhdl:3117:7:@225ns:(assertion warning): NUMERIC_STD.TO_SIGNED: vector truncated
../../src/ieee2008/numeric_std-body.vhdl:3117:7:@235ns:(assertion warning): NUMERIC_STD.TO_SIGNED: vector truncated
../../src/ieee2008/numeric_std-body.vhdl:3117:7:@245ns:(assertion warning): NUMERIC_STD.TO_SIGNED: vector truncated
../../src/ieee2008/numeric_std-body.vhdl:3117:7:@245ns:(assertion warning): NUMERIC_STD.TO_SIGNED: vector truncated
../../src/ieee2008/numeric_std-body.vhdl:3117:7:@255ns:(assertion warning): NUMERIC_STD.TO_SIGNED: vector truncated
../../src/ieee2008/numeric_std-body.vhdl:3117:7:@255ns:(assertion warning): NUMERIC_STD.TO_SIGNED: vector truncated
../../src/ieee2008/numeric_std-body.vhdl:3117:7:@265ns:(assertion warning): NUMERIC_STD.TO_SIGNED: vector truncated
../../src/ieee2008/numeric_std-body.vhdl:3117:7:@265ns:(assertion warning): NUMERIC_STD.TO_SIGNED: vector truncated
../../src/ieee2008/numeric_std-body.vhdl:3117:7:@275ns:(assertion warning): NUMERIC_STD.TO_SIGNED: vector truncated
../../src/ieee2008/numeric_std-body.vhdl:3117:7:@275ns:(assertion warning): NUMERIC_STD.TO_SIGNED: vector truncated
simulation stopped @3355ns with status 0
</system-out></testcase><testcase classname="casper_adder_lib.common_add_sub_tb" name="direc = ADD, add_sub = 1, i_pipe = 1, o_pipe = 5, in_dat_w = 4, out_dat_w = 5" time="0.3"><system-out>../../src/ieee2008/numeric_std-body.vhdl:3062:7:@0ms:(assertion warning): NUMERIC_STD.TO_INTEGER: metavalue detected, returning 0
../../src/ieee2008/numeric_std-body.vhdl:3062:7:@0ms:(assertion warning): NUMERIC_STD.TO_INTEGER: metavalue detected, returning 0
../../src/ieee2008/numeric_std-body.vhdl:3117:7:@225ns:(assertion warning): NUMERIC_STD.TO_SIGNED: vector truncated
../../src/ieee2008/numeric_std-body.vhdl:3117:7:@235ns:(assertion warning): NUMERIC_STD.TO_SIGNED: vector truncated
../../src/ieee2008/numeric_std-body.vhdl:3117:7:@245ns:(assertion warning): NUMERIC_STD.TO_SIGNED: vector truncated
../../src/ieee2008/numeric_std-body.vhdl:3117:7:@245ns:(assertion warning): NUMERIC_STD.TO_SIGNED: vector truncated
../../src/ieee2008/numeric_std-body.vhdl:3117:7:@255ns:(assertion warning): NUMERIC_STD.TO_SIGNED: vector truncated
../../src/ieee2008/numeric_std-body.vhdl:3117:7:@255ns:(assertion warning): NUMERIC_STD.TO_SIGNED: vector truncated
../../src/ieee2008/numeric_std-body.vhdl:3117:7:@265ns:(assertion warning): NUMERIC_STD.TO_SIGNED: vector truncated
../../src/ieee2008/numeric_std-body.vhdl:3117:7:@265ns:(assertion warning): NUMERIC_STD.TO_SIGNED: vector truncated
../../src/ieee2008/numeric_std-body.vhdl:3117:7:@275ns:(assertion warning): NUMERIC_STD.TO_SIGNED: vector truncated
../../src/ieee2008/numeric_std-body.vhdl:3117:7:@275ns:(assertion warning): NUMERIC_STD.TO_SIGNED: vector truncated
simulation stopped @3355ns with status 0
</system-out></testcase><testcase classname="casper_adder_lib.common_add_sub_tb" name="direc = ADD, add_sub = 1, i_pipe = 1, o_pipe = 5, in_dat_w = 5, out_dat_w = 5" time="0.3"><system-out>../../src/ieee2008/numeric_std-body.vhdl:3062:7:@0ms:(assertion warning): NUMERIC_STD.TO_INTEGER: metavalue detected, returning 0
../../src/ieee2008/numeric_std-body.vhdl:3062:7:@0ms:(assertion warning): NUMERIC_STD.TO_INTEGER: metavalue detected, returning 0
simulation stopped @11035ns with status 0
</system-out></testcase><testcase classname="casper_adder_lib.common_add_sub_tb" name="direc = ADD, add_sub = 1, i_pipe = 1, o_pipe = 5, in_dat_w = 5, out_dat_w = 6" time="0.3"><system-out>../../src/ieee2008/numeric_std-body.vhdl:3062:7:@0ms:(assertion warning): NUMERIC_STD.TO_INTEGER: metavalue detected, returning 0
../../src/ieee2008/numeric_std-body.vhdl:3062:7:@0ms:(assertion warning): NUMERIC_STD.TO_INTEGER: metavalue detected, returning 0
simulation stopped @11035ns with status 0
</system-out></testcase><testcase classname="casper_adder_lib.common_add_sub_tb" name="direc = ADD, add_sub = 1, i_pipe = 1, o_pipe = 5, in_dat_w = 6, out_dat_w = 6" time="0.3"><system-out>../../src/ieee2008/numeric_std-body.vhdl:3062:7:@0ms:(assertion warning): NUMERIC_STD.TO_INTEGER: metavalue detected, returning 0
../../src/ieee2008/numeric_std-body.vhdl:3062:7:@0ms:(assertion warning): NUMERIC_STD.TO_INTEGER: metavalue detected, returning 0
simulation stopped @41755ns with status 0
</system-out></testcase><testcase classname="casper_adder_lib.common_add_sub_tb" name="direc = ADD, add_sub = 1, i_pipe = 1, o_pipe = 5, in_dat_w = 6, out_dat_w = 7" time="0.3"><system-out>../../src/ieee2008/numeric_std-body.vhdl:3062:7:@0ms:(assertion warning): NUMERIC_STD.TO_INTEGER: metavalue detected, returning 0
../../src/ieee2008/numeric_std-body.vhdl:3062:7:@0ms:(assertion warning): NUMERIC_STD.TO_INTEGER: metavalue detected, returning 0
simulation stopped @41755ns with status 0
</system-out></testcase><testcase classname="casper_adder_lib.common_add_sub_tb" name="direc = ADD, add_sub = 1, i_pipe = 1, o_pipe = 5, in_dat_w = 7, out_dat_w = 7" time="0.5"><system-out>../../src/ieee2008/numeric_std-body.vhdl:3062:7:@0ms:(assertion warning): NUMERIC_STD.TO_INTEGER: metavalue detected, returning 0
../../src/ieee2008/numeric_std-body.vhdl:3062:7:@0ms:(assertion warning): NUMERIC_STD.TO_INTEGER: metavalue detected, returning 0
simulation stopped @164635ns with status 0
</system-out></testcase><testcase classname="casper_adder_lib.common_add_sub_tb" name="direc = ADD, add_sub = 1, i_pipe = 1, o_pipe = 5, in_dat_w = 7, out_dat_w = 8" time="0.5"><system-out>../../src/ieee2008/numeric_std-body.vhdl:3062:7:@0ms:(assertion warning): NUMERIC_STD.TO_INTEGER: metavalue detected, returning 0
../../src/ieee2008/numeric_std-body.vhdl:3062:7:@0ms:(assertion warning): NUMERIC_STD.TO_INTEGER: metavalue detected, returning 0
simulation stopped @164635ns with status 0
</system-out></testcase><testcase classname="casper_adder_lib.common_add_sub_tb" name="direc = ADD, add_sub = 1, i_pipe = 1, o_pipe = 5, in_dat_w = 8, out_dat_w = 8" time="0.9"><system-out>../../src/ieee2008/numeric_std-body.vhdl:3062:7:@0ms:(assertion warning): NUMERIC_STD.TO_INTEGER: metavalue detected, returning 0
../../src/ieee2008/numeric_std-body.vhdl:3062:7:@0ms:(assertion warning): NUMERIC_STD.TO_INTEGER: metavalue detected, returning 0
simulation stopped @656155ns with status 0
</system-out></testcase><testcase classname="casper_adder_lib.common_add_sub_tb" name="direc = ADD, add_sub = 1, i_pipe = 1, o_pipe = 5, in_dat_w = 8, out_dat_w = 9" time="1.0"><system-out>../../src/ieee2008/numeric_std-body.vhdl:3062:7:@0ms:(assertion warning): NUMERIC_STD.TO_INTEGER: metavalue detected, returning 0
../../src/ieee2008/numeric_std-body.vhdl:3062:7:@0ms:(assertion warning): NUMERIC_STD.TO_INTEGER: metavalue detected, returning 0
simulation stopped @656155ns with status 0
</system-out></testcase><testcase classname="casper_adder_lib.common_add_sub_tb" name="direc = ADD, add_sub = 0, i_pipe = 0, o_pipe = 5, in_dat_w = 4, out_dat_w = 4" time="0.3"><system-out>../../src/ieee2008/numeric_std-body.vhdl:3062:7:@0ms:(assertion warning): NUMERIC_STD.TO_INTEGER: metavalue detected, returning 0
../../src/ieee2008/numeric_std-body.vhdl:3062:7:@0ms:(assertion warning): NUMERIC_STD.TO_INTEGER: metavalue detected, returning 0
../../src/ieee2008/numeric_std-body.vhdl:3062:7:@0ms:(assertion warning): NUMERIC_STD.TO_INTEGER: metavalue detected, returning 0
../../src/ieee2008/numeric_std-body.vhdl:3062:7:@0ms:(assertion warning): NUMERIC_STD.TO_INTEGER: metavalue detected, returning 0
../../src/ieee2008/numeric_std-body.vhdl:3117:7:@225ns:(assertion warning): NUMERIC_STD.TO_SIGNED: vector truncated
../../src/ieee2008/numeric_std-body.vhdl:3117:7:@235ns:(assertion warning): NUMERIC_STD.TO_SIGNED: vector truncated
../../src/ieee2008/numeric_std-body.vhdl:3117:7:@245ns:(assertion warning): NUMERIC_STD.TO_SIGNED: vector truncated
../../src/ieee2008/numeric_std-body.vhdl:3117:7:@245ns:(assertion warning): NUMERIC_STD.TO_SIGNED: vector truncated
../../src/ieee2008/numeric_std-body.vhdl:3117:7:@255ns:(assertion warning): NUMERIC_STD.TO_SIGNED: vector truncated
../../src/ieee2008/numeric_std-body.vhdl:3117:7:@255ns:(assertion warning): NUMERIC_STD.TO_SIGNED: vector truncated
../../src/ieee2008/numeric_std-body.vhdl:3117:7:@265ns:(assertion warning): NUMERIC_STD.TO_SIGNED: vector truncated
../../src/ieee2008/numeric_std-body.vhdl:3117:7:@265ns:(assertion warning): NUMERIC_STD.TO_SIGNED: vector truncated
../../src/ieee2008/numeric_std-body.vhdl:3117:7:@275ns:(assertion warning): NUMERIC_STD.TO_SIGNED: vector truncated
../../src/ieee2008/numeric_std-body.vhdl:3117:7:@275ns:(assertion warning): NUMERIC_STD.TO_SIGNED: vector truncated
simulation stopped @3355ns with status 0
</system-out></testcase><testcase classname="casper_adder_lib.common_add_sub_tb" name="direc = ADD, add_sub = 0, i_pipe = 0, o_pipe = 5, in_dat_w = 4, out_dat_w = 5" time="0.3"><system-out>../../src/ieee2008/numeric_std-body.vhdl:3062:7:@0ms:(assertion warning): NUMERIC_STD.TO_INTEGER: metavalue detected, returning 0
../../src/ieee2008/numeric_std-body.vhdl:3062:7:@0ms:(assertion warning): NUMERIC_STD.TO_INTEGER: metavalue detected, returning 0
../../src/ieee2008/numeric_std-body.vhdl:3062:7:@0ms:(assertion warning): NUMERIC_STD.TO_INTEGER: metavalue detected, returning 0
../../src/ieee2008/numeric_std-body.vhdl:3062:7:@0ms:(assertion warning): NUMERIC_STD.TO_INTEGER: metavalue detected, returning 0
../../src/ieee2008/numeric_std-body.vhdl:3117:7:@225ns:(assertion warning): NUMERIC_STD.TO_SIGNED: vector truncated
../../src/ieee2008/numeric_std-body.vhdl:3117:7:@235ns:(assertion warning): NUMERIC_STD.TO_SIGNED: vector truncated
../../src/ieee2008/numeric_std-body.vhdl:3117:7:@245ns:(assertion warning): NUMERIC_STD.TO_SIGNED: vector truncated
../../src/ieee2008/numeric_std-body.vhdl:3117:7:@245ns:(assertion warning): NUMERIC_STD.TO_SIGNED: vector truncated
../../src/ieee2008/numeric_std-body.vhdl:3117:7:@255ns:(assertion warning): NUMERIC_STD.TO_SIGNED: vector truncated
../../src/ieee2008/numeric_std-body.vhdl:3117:7:@255ns:(assertion warning): NUMERIC_STD.TO_SIGNED: vector truncated
../../src/ieee2008/numeric_std-body.vhdl:3117:7:@265ns:(assertion warning): NUMERIC_STD.TO_SIGNED: vector truncated
../../src/ieee2008/numeric_std-body.vhdl:3117:7:@265ns:(assertion warning): NUMERIC_STD.TO_SIGNED: vector truncated
../../src/ieee2008/numeric_std-body.vhdl:3117:7:@275ns:(assertion warning): NUMERIC_STD.TO_SIGNED: vector truncated
../../src/ieee2008/numeric_std-body.vhdl:3117:7:@275ns:(assertion warning): NUMERIC_STD.TO_SIGNED: vector truncated
simulation stopped @3355ns with status 0
</system-out></testcase><testcase classname="casper_adder_lib.common_add_sub_tb" name="direc = ADD, add_sub = 0, i_pipe = 0, o_pipe = 5, in_dat_w = 5, out_dat_w = 5" time="0.3"><system-out>../../src/ieee2008/numeric_std-body.vhdl:3062:7:@0ms:(assertion warning): NUMERIC_STD.TO_INTEGER: metavalue detected, returning 0
../../src/ieee2008/numeric_std-body.vhdl:3062:7:@0ms:(assertion warning): NUMERIC_STD.TO_INTEGER: metavalue detected, returning 0
../../src/ieee2008/numeric_std-body.vhdl:3062:7:@0ms:(assertion warning): NUMERIC_STD.TO_INTEGER: metavalue detected, returning 0
../../src/ieee2008/numeric_std-body.vhdl:3062:7:@0ms:(assertion warning): NUMERIC_STD.TO_INTEGER: metavalue detected, returning 0
simulation stopped @11035ns with status 0
</system-out></testcase><testcase classname="casper_adder_lib.common_add_sub_tb" name="direc = ADD, add_sub = 0, i_pipe = 0, o_pipe = 5, in_dat_w = 5, out_dat_w = 6" time="0.3"><system-out>../../src/ieee2008/numeric_std-body.vhdl:3062:7:@0ms:(assertion warning): NUMERIC_STD.TO_INTEGER: metavalue detected, returning 0
../../src/ieee2008/numeric_std-body.vhdl:3062:7:@0ms:(assertion warning): NUMERIC_STD.TO_INTEGER: metavalue detected, returning 0
../../src/ieee2008/numeric_std-body.vhdl:3062:7:@0ms:(assertion warning): NUMERIC_STD.TO_INTEGER: metavalue detected, returning 0
../../src/ieee2008/numeric_std-body.vhdl:3062:7:@0ms:(assertion warning): NUMERIC_STD.TO_INTEGER: metavalue detected, returning 0
simulation stopped @11035ns with status 0
</system-out></testcase><testcase classname="casper_adder_lib.common_add_sub_tb" name="direc = ADD, add_sub = 0, i_pipe = 0, o_pipe = 5, in_dat_w = 6, out_dat_w = 6" time="0.3"><system-out>../../src/ieee2008/numeric_std-body.vhdl:3062:7:@0ms:(assertion warning): NUMERIC_STD.TO_INTEGER: metavalue detected, returning 0
../../src/ieee2008/numeric_std-body.vhdl:3062:7:@0ms:(assertion warning): NUMERIC_STD.TO_INTEGER: metavalue detected, returning 0
../../src/ieee2008/numeric_std-body.vhdl:3062:7:@0ms:(assertion warning): NUMERIC_STD.TO_INTEGER: metavalue detected, returning 0
../../src/ieee2008/numeric_std-body.vhdl:3062:7:@0ms:(assertion warning): NUMERIC_STD.TO_INTEGER: metavalue detected, returning 0
simulation stopped @41755ns with status 0
</system-out></testcase><testcase classname="casper_adder_lib.common_add_sub_tb" name="direc = ADD, add_sub = 0, i_pipe = 0, o_pipe = 5, in_dat_w = 6, out_dat_w = 7" time="0.3"><system-out>../../src/ieee2008/numeric_std-body.vhdl:3062:7:@0ms:(assertion warning): NUMERIC_STD.TO_INTEGER: metavalue detected, returning 0
../../src/ieee2008/numeric_std-body.vhdl:3062:7:@0ms:(assertion warning): NUMERIC_STD.TO_INTEGER: metavalue detected, returning 0
../../src/ieee2008/numeric_std-body.vhdl:3062:7:@0ms:(assertion warning): NUMERIC_STD.TO_INTEGER: metavalue detected, returning 0
../../src/ieee2008/numeric_std-body.vhdl:3062:7:@0ms:(assertion warning): NUMERIC_STD.TO_INTEGER: metavalue detected, returning 0
simulation stopped @41755ns with status 0
</system-out></testcase><testcase classname="casper_adder_lib.common_add_sub_tb" name="direc = ADD, add_sub = 0, i_pipe = 0, o_pipe = 5, in_dat_w = 7, out_dat_w = 7" time="0.5"><system-out>../../src/ieee2008/numeric_std-body.vhdl:3062:7:@0ms:(assertion warning): NUMERIC_STD.TO_INTEGER: metavalue detected, returning 0
../../src/ieee2008/numeric_std-body.vhdl:3062:7:@0ms:(assertion warning): NUMERIC_STD.TO_INTEGER: metavalue detected, returning 0
../../src/ieee2008/numeric_std-body.vhdl:3062:7:@0ms:(assertion warning): NUMERIC_STD.TO_INTEGER: metavalue detected, returning 0
../../src/ieee2008/numeric_std-body.vhdl:3062:7:@0ms:(assertion warning): NUMERIC_STD.TO_INTEGER: metavalue detected, returning 0
simulation stopped @164635ns with status 0
</system-out></testcase><testcase classname="casper_adder_lib.common_add_sub_tb" name="direc = ADD, add_sub = 0, i_pipe = 0, o_pipe = 5, in_dat_w = 7, out_dat_w = 8" time="0.5"><system-out>../../src/ieee2008/numeric_std-body.vhdl:3062:7:@0ms:(assertion warning): NUMERIC_STD.TO_INTEGER: metavalue detected, returning 0
../../src/ieee2008/numeric_std-body.vhdl:3062:7:@0ms:(assertion warning): NUMERIC_STD.TO_INTEGER: metavalue detected, returning 0
../../src/ieee2008/numeric_std-body.vhdl:3062:7:@0ms:(assertion warning): NUMERIC_STD.TO_INTEGER: metavalue detected, returning 0
../../src/ieee2008/numeric_std-body.vhdl:3062:7:@0ms:(assertion warning): NUMERIC_STD.TO_INTEGER: metavalue detected, returning 0
simulation stopped @164635ns with status 0
</system-out></testcase><testcase classname="casper_adder_lib.common_add_sub_tb" name="direc = ADD, add_sub = 0, i_pipe = 0, o_pipe = 5, in_dat_w = 8, out_dat_w = 8" time="0.9"><system-out>../../src/ieee2008/numeric_std-body.vhdl:3062:7:@0ms:(assertion warning): NUMERIC_STD.TO_INTEGER: metavalue detected, returning 0
../../src/ieee2008/numeric_std-body.vhdl:3062:7:@0ms:(assertion warning): NUMERIC_STD.TO_INTEGER: metavalue detected, returning 0
../../src/ieee2008/numeric_std-body.vhdl:3062:7:@0ms:(assertion warning): NUMERIC_STD.TO_INTEGER: metavalue detected, returning 0
../../src/ieee2008/numeric_std-body.vhdl:3062:7:@0ms:(assertion warning): NUMERIC_STD.TO_INTEGER: metavalue detected, returning 0
simulation stopped @656155ns with status 0
</system-out></testcase><testcase classname="casper_adder_lib.common_add_sub_tb" name="direc = ADD, add_sub = 0, i_pipe = 0, o_pipe = 5, in_dat_w = 8, out_dat_w = 9" time="0.9"><system-out>../../src/ieee2008/numeric_std-body.vhdl:3062:7:@0ms:(assertion warning): NUMERIC_STD.TO_INTEGER: metavalue detected, returning 0
../../src/ieee2008/numeric_std-body.vhdl:3062:7:@0ms:(assertion warning): NUMERIC_STD.TO_INTEGER: metavalue detected, returning 0
../../src/ieee2008/numeric_std-body.vhdl:3062:7:@0ms:(assertion warning): NUMERIC_STD.TO_INTEGER: metavalue detected, returning 0
../../src/ieee2008/numeric_std-body.vhdl:3062:7:@0ms:(assertion warning): NUMERIC_STD.TO_INTEGER: metavalue detected, returning 0
simulation stopped @656155ns with status 0
</system-out></testcase><testcase classname="casper_adder_lib.common_add_sub_tb" name="direc = ADD, add_sub = 0, i_pipe = 1, o_pipe = 5, in_dat_w = 4, out_dat_w = 4" time="0.3"><system-out>../../src/ieee2008/numeric_std-body.vhdl:3062:7:@0ms:(assertion warning): NUMERIC_STD.TO_INTEGER: metavalue detected, returning 0
../../src/ieee2008/numeric_std-body.vhdl:3062:7:@0ms:(assertion warning): NUMERIC_STD.TO_INTEGER: metavalue detected, returning 0
../../src/ieee2008/numeric_std-body.vhdl:3062:7:@0ms:(assertion warning): NUMERIC_STD.TO_INTEGER: metavalue detected, returning 0
../../src/ieee2008/numeric_std-body.vhdl:3062:7:@0ms:(assertion warning): NUMERIC_STD.TO_INTEGER: metavalue detected, returning 0
../../src/ieee2008/numeric_std-body.vhdl:3117:7:@225ns:(assertion warning): NUMERIC_STD.TO_SIGNED: vector truncated
../../src/ieee2008/numeric_std-body.vhdl:3117:7:@235ns:(assertion warning): NUMERIC_STD.TO_SIGNED: vector truncated
../../src/ieee2008/numeric_std-body.vhdl:3117:7:@245ns:(assertion warning): NUMERIC_STD.TO_SIGNED: vector truncated
../../src/ieee2008/numeric_std-body.vhdl:3117:7:@245ns:(assertion warning): NUMERIC_STD.TO_SIGNED: vector truncated
../../src/ieee2008/numeric_std-body.vhdl:3117:7:@255ns:(assertion warning): NUMERIC_STD.TO_SIGNED: vector truncated
../../src/ieee2008/numeric_std-body.vhdl:3117:7:@255ns:(assertion warning): NUMERIC_STD.TO_SIGNED: vector truncated
../../src/ieee2008/numeric_std-body.vhdl:3117:7:@265ns:(assertion warning): NUMERIC_STD.TO_SIGNED: vector truncated
../../src/ieee2008/numeric_std-body.vhdl:3117:7:@265ns:(assertion warning): NUMERIC_STD.TO_SIGNED: vector truncated
../../src/ieee2008/numeric_std-body.vhdl:3117:7:@275ns:(assertion warning): NUMERIC_STD.TO_SIGNED: vector truncated
../../src/ieee2008/numeric_std-body.vhdl:3117:7:@275ns:(assertion warning): NUMERIC_STD.TO_SIGNED: vector truncated
simulation stopped @3355ns with status 0
</system-out></testcase><testcase classname="casper_adder_lib.common_add_sub_tb" name="direc = ADD, add_sub = 0, i_pipe = 1, o_pipe = 5, in_dat_w = 4, out_dat_w = 5" time="0.3"><system-out>../../src/ieee2008/numeric_std-body.vhdl:3062:7:@0ms:(assertion warning): NUMERIC_STD.TO_INTEGER: metavalue detected, returning 0
../../src/ieee2008/numeric_std-body.vhdl:3062:7:@0ms:(assertion warning): NUMERIC_STD.TO_INTEGER: metavalue detected, returning 0
../../src/ieee2008/numeric_std-body.vhdl:3062:7:@0ms:(assertion warning): NUMERIC_STD.TO_INTEGER: metavalue detected, returning 0
../../src/ieee2008/numeric_std-body.vhdl:3062:7:@0ms:(assertion warning): NUMERIC_STD.TO_INTEGER: metavalue detected, returning 0
../../src/ieee2008/numeric_std-body.vhdl:3117:7:@225ns:(assertion warning): NUMERIC_STD.TO_SIGNED: vector truncated
../../src/ieee2008/numeric_std-body.vhdl:3117:7:@235ns:(assertion warning): NUMERIC_STD.TO_SIGNED: vector truncated
../../src/ieee2008/numeric_std-body.vhdl:3117:7:@245ns:(assertion warning): NUMERIC_STD.TO_SIGNED: vector truncated
../../src/ieee2008/numeric_std-body.vhdl:3117:7:@245ns:(assertion warning): NUMERIC_STD.TO_SIGNED: vector truncated
../../src/ieee2008/numeric_std-body.vhdl:3117:7:@255ns:(assertion warning): NUMERIC_STD.TO_SIGNED: vector truncated
../../src/ieee2008/numeric_std-body.vhdl:3117:7:@255ns:(assertion warning): NUMERIC_STD.TO_SIGNED: vector truncated
../../src/ieee2008/numeric_std-body.vhdl:3117:7:@265ns:(assertion warning): NUMERIC_STD.TO_SIGNED: vector truncated
../../src/ieee2008/numeric_std-body.vhdl:3117:7:@265ns:(assertion warning): NUMERIC_STD.TO_SIGNED: vector truncated
../../src/ieee2008/numeric_std-body.vhdl:3117:7:@275ns:(assertion warning): NUMERIC_STD.TO_SIGNED: vector truncated
../../src/ieee2008/numeric_std-body.vhdl:3117:7:@275ns:(assertion warning): NUMERIC_STD.TO_SIGNED: vector truncated
simulation stopped @3355ns with status 0
</system-out></testcase><testcase classname="casper_adder_lib.common_add_sub_tb" name="direc = ADD, add_sub = 0, i_pipe = 1, o_pipe = 5, in_dat_w = 5, out_dat_w = 5" time="0.3"><system-out>../../src/ieee2008/numeric_std-body.vhdl:3062:7:@0ms:(assertion warning): NUMERIC_STD.TO_INTEGER: metavalue detected, returning 0
../../src/ieee2008/numeric_std-body.vhdl:3062:7:@0ms:(assertion warning): NUMERIC_STD.TO_INTEGER: metavalue detected, returning 0
../../src/ieee2008/numeric_std-body.vhdl:3062:7:@0ms:(assertion warning): NUMERIC_STD.TO_INTEGER: metavalue detected, returning 0
../../src/ieee2008/numeric_std-body.vhdl:3062:7:@0ms:(assertion warning): NUMERIC_STD.TO_INTEGER: metavalue detected, returning 0
simulation stopped @11035ns with status 0
</system-out></testcase><testcase classname="casper_adder_lib.common_add_sub_tb" name="direc = ADD, add_sub = 0, i_pipe = 1, o_pipe = 5, in_dat_w = 5, out_dat_w = 6" time="0.3"><system-out>../../src/ieee2008/numeric_std-body.vhdl:3062:7:@0ms:(assertion warning): NUMERIC_STD.TO_INTEGER: metavalue detected, returning 0
../../src/ieee2008/numeric_std-body.vhdl:3062:7:@0ms:(assertion warning): NUMERIC_STD.TO_INTEGER: metavalue detected, returning 0
../../src/ieee2008/numeric_std-body.vhdl:3062:7:@0ms:(assertion warning): NUMERIC_STD.TO_INTEGER: metavalue detected, returning 0
../../src/ieee2008/numeric_std-body.vhdl:3062:7:@0ms:(assertion warning): NUMERIC_STD.TO_INTEGER: metavalue detected, returning 0
simulation stopped @11035ns with status 0
</system-out></testcase><testcase classname="casper_adder_lib.common_add_sub_tb" name="direc = ADD, add_sub = 0, i_pipe = 1, o_pipe = 5, in_dat_w = 6, out_dat_w = 6" time="0.3"><system-out>../../src/ieee2008/numeric_std-body.vhdl:3062:7:@0ms:(assertion warning): NUMERIC_STD.TO_INTEGER: metavalue detected, returning 0
../../src/ieee2008/numeric_std-body.vhdl:3062:7:@0ms:(assertion warning): NUMERIC_STD.TO_INTEGER: metavalue detected, returning 0
../../src/ieee2008/numeric_std-body.vhdl:3062:7:@0ms:(assertion warning): NUMERIC_STD.TO_INTEGER: metavalue detected, returning 0
../../src/ieee2008/numeric_std-body.vhdl:3062:7:@0ms:(assertion warning): NUMERIC_STD.TO_INTEGER: metavalue detected, returning 0
simulation stopped @41755ns with status 0
</system-out></testcase><testcase classname="casper_adder_lib.common_add_sub_tb" name="direc = ADD, add_sub = 0, i_pipe = 1, o_pipe = 5, in_dat_w = 6, out_dat_w = 7" time="0.3"><system-out>../../src/ieee2008/numeric_std-body.vhdl:3062:7:@0ms:(assertion warning): NUMERIC_STD.TO_INTEGER: metavalue detected, returning 0
../../src/ieee2008/numeric_std-body.vhdl:3062:7:@0ms:(assertion warning): NUMERIC_STD.TO_INTEGER: metavalue detected, returning 0
../../src/ieee2008/numeric_std-body.vhdl:3062:7:@0ms:(assertion warning): NUMERIC_STD.TO_INTEGER: metavalue detected, returning 0
../../src/ieee2008/numeric_std-body.vhdl:3062:7:@0ms:(assertion warning): NUMERIC_STD.TO_INTEGER: metavalue detected, returning 0
simulation stopped @41755ns with status 0
</system-out></testcase><testcase classname="casper_adder_lib.common_add_sub_tb" name="direc = ADD, add_sub = 0, i_pipe = 1, o_pipe = 5, in_dat_w = 7, out_dat_w = 7" time="0.5"><system-out>../../src/ieee2008/numeric_std-body.vhdl:3062:7:@0ms:(assertion warning): NUMERIC_STD.TO_INTEGER: metavalue detected, returning 0
../../src/ieee2008/numeric_std-body.vhdl:3062:7:@0ms:(assertion warning): NUMERIC_STD.TO_INTEGER: metavalue detected, returning 0
../../src/ieee2008/numeric_std-body.vhdl:3062:7:@0ms:(assertion warning): NUMERIC_STD.TO_INTEGER: metavalue detected, returning 0
../../src/ieee2008/numeric_std-body.vhdl:3062:7:@0ms:(assertion warning): NUMERIC_STD.TO_INTEGER: metavalue detected, returning 0
simulation stopped @164635ns with status 0
</system-out></testcase><testcase classname="casper_adder_lib.common_add_sub_tb" name="direc = ADD, add_sub = 0, i_pipe = 1, o_pipe = 5, in_dat_w = 7, out_dat_w = 8" time="0.5"><system-out>../../src/ieee2008/numeric_std-body.vhdl:3062:7:@0ms:(assertion warning): NUMERIC_STD.TO_INTEGER: metavalue detected, returning 0
../../src/ieee2008/numeric_std-body.vhdl:3062:7:@0ms:(assertion warning): NUMERIC_STD.TO_INTEGER: metavalue detected, returning 0
../../src/ieee2008/numeric_std-body.vhdl:3062:7:@0ms:(assertion warning): NUMERIC_STD.TO_INTEGER: metavalue detected, returning 0
../../src/ieee2008/numeric_std-body.vhdl:3062:7:@0ms:(assertion warning): NUMERIC_STD.TO_INTEGER: metavalue detected, returning 0
simulation stopped @164635ns with status 0
</system-out></testcase><testcase classname="casper_adder_lib.common_add_sub_tb" name="direc = ADD, add_sub = 0, i_pipe = 1, o_pipe = 5, in_dat_w = 8, out_dat_w = 8" time="0.9"><system-out>../../src/ieee2008/numeric_std-body.vhdl:3062:7:@0ms:(assertion warning): NUMERIC_STD.TO_INTEGER: metavalue detected, returning 0
../../src/ieee2008/numeric_std-body.vhdl:3062:7:@0ms:(assertion warning): NUMERIC_STD.TO_INTEGER: metavalue detected, returning 0
../../src/ieee2008/numeric_std-body.vhdl:3062:7:@0ms:(assertion warning): NUMERIC_STD.TO_INTEGER: metavalue detected, returning 0
../../src/ieee2008/numeric_std-body.vhdl:3062:7:@0ms:(assertion warning): NUMERIC_STD.TO_INTEGER: metavalue detected, returning 0
simulation stopped @656155ns with status 0
</system-out></testcase><testcase classname="casper_adder_lib.common_add_sub_tb" name="direc = ADD, add_sub = 0, i_pipe = 1, o_pipe = 5, in_dat_w = 8, out_dat_w = 9" time="0.9"><system-out>../../src/ieee2008/numeric_std-body.vhdl:3062:7:@0ms:(assertion warning): NUMERIC_STD.TO_INTEGER: metavalue detected, returning 0
../../src/ieee2008/numeric_std-body.vhdl:3062:7:@0ms:(assertion warning): NUMERIC_STD.TO_INTEGER: metavalue detected, returning 0
../../src/ieee2008/numeric_std-body.vhdl:3062:7:@0ms:(assertion warning): NUMERIC_STD.TO_INTEGER: metavalue detected, returning 0
../../src/ieee2008/numeric_std-body.vhdl:3062:7:@0ms:(assertion warning): NUMERIC_STD.TO_INTEGER: metavalue detected, returning 0
simulation stopped @656155ns with status 0
</system-out></testcase><testcase classname="casper_adder_lib.common_add_sub_tb" name="direc = SUB, add_sub = 1, i_pipe = 0, o_pipe = 5, in_dat_w = 4, out_dat_w = 4" time="0.3"><system-out>../../src/ieee2008/numeric_std-body.vhdl:3062:7:@0ms:(assertion warning): NUMERIC_STD.TO_INTEGER: metavalue detected, returning 0
../../src/ieee2008/numeric_std-body.vhdl:3062:7:@0ms:(assertion warning): NUMERIC_STD.TO_INTEGER: metavalue detected, returning 0
../../src/ieee2008/numeric_std-body.vhdl:3117:7:@225ns:(assertion warning): NUMERIC_STD.TO_SIGNED: vector truncated
../../src/ieee2008/numeric_std-body.vhdl:3117:7:@235ns:(assertion warning): NUMERIC_STD.TO_SIGNED: vector truncated
../../src/ieee2008/numeric_std-body.vhdl:3117:7:@245ns:(assertion warning): NUMERIC_STD.TO_SIGNED: vector truncated
../../src/ieee2008/numeric_std-body.vhdl:3117:7:@245ns:(assertion warning): NUMERIC_STD.TO_SIGNED: vector truncated
../../src/ieee2008/numeric_std-body.vhdl:3117:7:@255ns:(assertion warning): NUMERIC_STD.TO_SIGNED: vector truncated
../../src/ieee2008/numeric_std-body.vhdl:3117:7:@255ns:(assertion warning): NUMERIC_STD.TO_SIGNED: vector truncated
../../src/ieee2008/numeric_std-body.vhdl:3117:7:@265ns:(assertion warning): NUMERIC_STD.TO_SIGNED: vector truncated
../../src/ieee2008/numeric_std-body.vhdl:3117:7:@265ns:(assertion warning): NUMERIC_STD.TO_SIGNED: vector truncated
../../src/ieee2008/numeric_std-body.vhdl:3117:7:@275ns:(assertion warning): NUMERIC_STD.TO_SIGNED: vector truncated
../../src/ieee2008/numeric_std-body.vhdl:3117:7:@275ns:(assertion warning): NUMERIC_STD.TO_SIGNED: vector truncated
simulation stopped @3355ns with status 0
</system-out></testcase><testcase classname="casper_adder_lib.common_add_sub_tb" name="direc = SUB, add_sub = 1, i_pipe = 0, o_pipe = 5, in_dat_w = 4, out_dat_w = 5" time="0.3"><system-out>../../src/ieee2008/numeric_std-body.vhdl:3062:7:@0ms:(assertion warning): NUMERIC_STD.TO_INTEGER: metavalue detected, returning 0
../../src/ieee2008/numeric_std-body.vhdl:3062:7:@0ms:(assertion warning): NUMERIC_STD.TO_INTEGER: metavalue detected, returning 0
../../src/ieee2008/numeric_std-body.vhdl:3117:7:@225ns:(assertion warning): NUMERIC_STD.TO_SIGNED: vector truncated
../../src/ieee2008/numeric_std-body.vhdl:3117:7:@235ns:(assertion warning): NUMERIC_STD.TO_SIGNED: vector truncated
../../src/ieee2008/numeric_std-body.vhdl:3117:7:@245ns:(assertion warning): NUMERIC_STD.TO_SIGNED: vector truncated
../../src/ieee2008/numeric_std-body.vhdl:3117:7:@245ns:(assertion warning): NUMERIC_STD.TO_SIGNED: vector truncated
../../src/ieee2008/numeric_std-body.vhdl:3117:7:@255ns:(assertion warning): NUMERIC_STD.TO_SIGNED: vector truncated
../../src/ieee2008/numeric_std-body.vhdl:3117:7:@255ns:(assertion warning): NUMERIC_STD.TO_SIGNED: vector truncated
../../src/ieee2008/numeric_std-body.vhdl:3117:7:@265ns:(assertion warning): NUMERIC_STD.TO_SIGNED: vector truncated
../../src/ieee2008/numeric_std-body.vhdl:3117:7:@265ns:(assertion warning): NUMERIC_STD.TO_SIGNED: vector truncated
../../src/ieee2008/numeric_std-body.vhdl:3117:7:@275ns:(assertion warning): NUMERIC_STD.TO_SIGNED: vector truncated
../../src/ieee2008/numeric_std-body.vhdl:3117:7:@275ns:(assertion warning): NUMERIC_STD.TO_SIGNED: vector truncated
simulation stopped @3355ns with status 0
</system-out></testcase><testcase classname="casper_adder_lib.common_add_sub_tb" name="direc = SUB, add_sub = 1, i_pipe = 0, o_pipe = 5, in_dat_w = 5, out_dat_w = 5" time="0.3"><system-out>../../src/ieee2008/numeric_std-body.vhdl:3062:7:@0ms:(assertion warning): NUMERIC_STD.TO_INTEGER: metavalue detected, returning 0
../../src/ieee2008/numeric_std-body.vhdl:3062:7:@0ms:(assertion warning): NUMERIC_STD.TO_INTEGER: metavalue detected, returning 0
simulation stopped @11035ns with status 0
</system-out></testcase><testcase classname="casper_adder_lib.common_add_sub_tb" name="direc = SUB, add_sub = 1, i_pipe = 0, o_pipe = 5, in_dat_w = 5, out_dat_w = 6" time="0.3"><system-out>../../src/ieee2008/numeric_std-body.vhdl:3062:7:@0ms:(assertion warning): NUMERIC_STD.TO_INTEGER: metavalue detected, returning 0
../../src/ieee2008/numeric_std-body.vhdl:3062:7:@0ms:(assertion warning): NUMERIC_STD.TO_INTEGER: metavalue detected, returning 0
simulation stopped @11035ns with status 0
</system-out></testcase><testcase classname="casper_adder_lib.common_add_sub_tb" name="direc = SUB, add_sub = 1, i_pipe = 0, o_pipe = 5, in_dat_w = 6, out_dat_w = 6" time="0.3"><system-out>../../src/ieee2008/numeric_std-body.vhdl:3062:7:@0ms:(assertion warning): NUMERIC_STD.TO_INTEGER: metavalue detected, returning 0
../../src/ieee2008/numeric_std-body.vhdl:3062:7:@0ms:(assertion warning): NUMERIC_STD.TO_INTEGER: metavalue detected, returning 0
simulation stopped @41755ns with status 0
</system-out></testcase><testcase classname="casper_adder_lib.common_add_sub_tb" name="direc = SUB, add_sub = 1, i_pipe = 0, o_pipe = 5, in_dat_w = 6, out_dat_w = 7" time="0.3"><system-out>../../src/ieee2008/numeric_std-body.vhdl:3062:7:@0ms:(assertion warning): NUMERIC_STD.TO_INTEGER: metavalue detected, returning 0
../../src/ieee2008/numeric_std-body.vhdl:3062:7:@0ms:(assertion warning): NUMERIC_STD.TO_INTEGER: metavalue detected, returning 0
simulation stopped @41755ns with status 0
</system-out></testcase><testcase classname="casper_adder_lib.common_add_sub_tb" name="direc = SUB, add_sub = 1, i_pipe = 0, o_pipe = 5, in_dat_w = 7, out_dat_w = 7" time="0.5"><system-out>../../src/ieee2008/numeric_std-body.vhdl:3062:7:@0ms:(assertion warning): NUMERIC_STD.TO_INTEGER: metavalue detected, returning 0
../../src/ieee2008/numeric_std-body.vhdl:3062:7:@0ms:(assertion warning): NUMERIC_STD.TO_INTEGER: metavalue detected, returning 0
simulation stopped @164635ns with status 0
</system-out></testcase><testcase classname="casper_adder_lib.common_add_sub_tb" name="direc = SUB, add_sub = 1, i_pipe = 0, o_pipe = 5, in_dat_w = 7, out_dat_w = 8" time="0.5"><system-out>../../src/ieee2008/numeric_std-body.vhdl:3062:7:@0ms:(assertion warning): NUMERIC_STD.TO_INTEGER: metavalue detected, returning 0
../../src/ieee2008/numeric_std-body.vhdl:3062:7:@0ms:(assertion warning): NUMERIC_STD.TO_INTEGER: metavalue detected, returning 0
simulation stopped @164635ns with status 0
</system-out></testcase><testcase classname="casper_adder_lib.common_add_sub_tb" name="direc = SUB, add_sub = 1, i_pipe = 0, o_pipe = 5, in_dat_w = 8, out_dat_w = 8" time="0.9"><system-out>../../src/ieee2008/numeric_std-body.vhdl:3062:7:@0ms:(assertion warning): NUMERIC_STD.TO_INTEGER: metavalue detected, returning 0
../../src/ieee2008/numeric_std-body.vhdl:3062:7:@0ms:(assertion warning): NUMERIC_STD.TO_INTEGER: metavalue detected, returning 0
simulation stopped @656155ns with status 0
</system-out></testcase><testcase classname="casper_adder_lib.common_add_sub_tb" name="direc = SUB, add_sub = 1, i_pipe = 0, o_pipe = 5, in_dat_w = 8, out_dat_w = 9" time="0.9"><system-out>../../src/ieee2008/numeric_std-body.vhdl:3062:7:@0ms:(assertion warning): NUMERIC_STD.TO_INTEGER: metavalue detected, returning 0
../../src/ieee2008/numeric_std-body.vhdl:3062:7:@0ms:(assertion warning): NUMERIC_STD.TO_INTEGER: metavalue detected, returning 0
simulation stopped @656155ns with status 0
</system-out></testcase><testcase classname="casper_adder_lib.common_add_sub_tb" name="direc = SUB, add_sub = 1, i_pipe = 1, o_pipe = 5, in_dat_w = 4, out_dat_w = 4" time="0.3"><system-out>../../src/ieee2008/numeric_std-body.vhdl:3062:7:@0ms:(assertion warning): NUMERIC_STD.TO_INTEGER: metavalue detected, returning 0
../../src/ieee2008/numeric_std-body.vhdl:3062:7:@0ms:(assertion warning): NUMERIC_STD.TO_INTEGER: metavalue detected, returning 0
../../src/ieee2008/numeric_std-body.vhdl:3117:7:@225ns:(assertion warning): NUMERIC_STD.TO_SIGNED: vector truncated
../../src/ieee2008/numeric_std-body.vhdl:3117:7:@235ns:(assertion warning): NUMERIC_STD.TO_SIGNED: vector truncated
../../src/ieee2008/numeric_std-body.vhdl:3117:7:@245ns:(assertion warning): NUMERIC_STD.TO_SIGNED: vector truncated
../../src/ieee2008/numeric_std-body.vhdl:3117:7:@245ns:(assertion warning): NUMERIC_STD.TO_SIGNED: vector truncated
../../src/ieee2008/numeric_std-body.vhdl:3117:7:@255ns:(assertion warning): NUMERIC_STD.TO_SIGNED: vector truncated
../../src/ieee2008/numeric_std-body.vhdl:3117:7:@255ns:(assertion warning): NUMERIC_STD.TO_SIGNED: vector truncated
../../src/ieee2008/numeric_std-body.vhdl:3117:7:@265ns:(assertion warning): NUMERIC_STD.TO_SIGNED: vector truncated
../../src/ieee2008/numeric_std-body.vhdl:3117:7:@265ns:(assertion warning): NUMERIC_STD.TO_SIGNED: vector truncated
../../src/ieee2008/numeric_std-body.vhdl:3117:7:@275ns:(assertion warning): NUMERIC_STD.TO_SIGNED: vector truncated
../../src/ieee2008/numeric_std-body.vhdl:3117:7:@275ns:(assertion warning): NUMERIC_STD.TO_SIGNED: vector truncated
simulation stopped @3355ns with status 0
</system-out></testcase><testcase classname="casper_adder_lib.common_add_sub_tb" name="direc = SUB, add_sub = 1, i_pipe = 1, o_pipe = 5, in_dat_w = 4, out_dat_w = 5" time="0.3"><system-out>../../src/ieee2008/numeric_std-body.vhdl:3062:7:@0ms:(assertion warning): NUMERIC_STD.TO_INTEGER: metavalue detected, returning 0
../../src/ieee2008/numeric_std-body.vhdl:3062:7:@0ms:(assertion warning): NUMERIC_STD.TO_INTEGER: metavalue detected, returning 0
../../src/ieee2008/numeric_std-body.vhdl:3117:7:@225ns:(assertion warning): NUMERIC_STD.TO_SIGNED: vector truncated
../../src/ieee2008/numeric_std-body.vhdl:3117:7:@235ns:(assertion warning): NUMERIC_STD.TO_SIGNED: vector truncated
../../src/ieee2008/numeric_std-body.vhdl:3117:7:@245ns:(assertion warning): NUMERIC_STD.TO_SIGNED: vector truncated
../../src/ieee2008/numeric_std-body.vhdl:3117:7:@245ns:(assertion warning): NUMERIC_STD.TO_SIGNED: vector truncated
../../src/ieee2008/numeric_std-body.vhdl:3117:7:@255ns:(assertion warning): NUMERIC_STD.TO_SIGNED: vector truncated
../../src/ieee2008/numeric_std-body.vhdl:3117:7:@255ns:(assertion warning): NUMERIC_STD.TO_SIGNED: vector truncated
../../src/ieee2008/numeric_std-body.vhdl:3117:7:@265ns:(assertion warning): NUMERIC_STD.TO_SIGNED: vector truncated
../../src/ieee2008/numeric_std-body.vhdl:3117:7:@265ns:(assertion warning): NUMERIC_STD.TO_SIGNED: vector truncated
../../src/ieee2008/numeric_std-body.vhdl:3117:7:@275ns:(assertion warning): NUMERIC_STD.TO_SIGNED: vector truncated
../../src/ieee2008/numeric_std-body.vhdl:3117:7:@275ns:(assertion warning): NUMERIC_STD.TO_SIGNED: vector truncated
simulation stopped @3355ns with status 0
</system-out></testcase><testcase classname="casper_adder_lib.common_add_sub_tb" name="direc = SUB, add_sub = 1, i_pipe = 1, o_pipe = 5, in_dat_w = 5, out_dat_w = 5" time="0.3"><system-out>../../src/ieee2008/numeric_std-body.vhdl:3062:7:@0ms:(assertion warning): NUMERIC_STD.TO_INTEGER: metavalue detected, returning 0
../../src/ieee2008/numeric_std-body.vhdl:3062:7:@0ms:(assertion warning): NUMERIC_STD.TO_INTEGER: metavalue detected, returning 0
simulation stopped @11035ns with status 0
</system-out></testcase><testcase classname="casper_adder_lib.common_add_sub_tb" name="direc = SUB, add_sub = 1, i_pipe = 1, o_pipe = 5, in_dat_w = 5, out_dat_w = 6" time="0.3"><system-out>../../src/ieee2008/numeric_std-body.vhdl:3062:7:@0ms:(assertion warning): NUMERIC_STD.TO_INTEGER: metavalue detected, returning 0
../../src/ieee2008/numeric_std-body.vhdl:3062:7:@0ms:(assertion warning): NUMERIC_STD.TO_INTEGER: metavalue detected, returning 0
simulation stopped @11035ns with status 0
</system-out></testcase><testcase classname="casper_adder_lib.common_add_sub_tb" name="direc = SUB, add_sub = 1, i_pipe = 1, o_pipe = 5, in_dat_w = 6, out_dat_w = 6" time="0.3"><system-out>../../src/ieee2008/numeric_std-body.vhdl:3062:7:@0ms:(assertion warning): NUMERIC_STD.TO_INTEGER: metavalue detected, returning 0
../../src/ieee2008/numeric_std-body.vhdl:3062:7:@0ms:(assertion warning): NUMERIC_STD.TO_INTEGER: metavalue detected, returning 0
simulation stopped @41755ns with status 0
</system-out></testcase><testcase classname="casper_adder_lib.common_add_sub_tb" name="direc = SUB, add_sub = 1, i_pipe = 1, o_pipe = 5, in_dat_w = 6, out_dat_w = 7" time="0.3"><system-out>../../src/ieee2008/numeric_std-body.vhdl:3062:7:@0ms:(assertion warning): NUMERIC_STD.TO_INTEGER: metavalue detected, returning 0
../../src/ieee2008/numeric_std-body.vhdl:3062:7:@0ms:(assertion warning): NUMERIC_STD.TO_INTEGER: metavalue detected, returning 0
simulation stopped @41755ns with status 0
</system-out></testcase><testcase classname="casper_adder_lib.common_add_sub_tb" name="direc = SUB, add_sub = 1, i_pipe = 1, o_pipe = 5, in_dat_w = 7, out_dat_w = 7" time="0.5"><system-out>../../src/ieee2008/numeric_std-body.vhdl:3062:7:@0ms:(assertion warning): NUMERIC_STD.TO_INTEGER: metavalue detected, returning 0
../../src/ieee2008/numeric_std-body.vhdl:3062:7:@0ms:(assertion warning): NUMERIC_STD.TO_INTEGER: metavalue detected, returning 0
simulation stopped @164635ns with status 0
</system-out></testcase><testcase classname="casper_adder_lib.common_add_sub_tb" name="direc = SUB, add_sub = 1, i_pipe = 1, o_pipe = 5, in_dat_w = 7, out_dat_w = 8" time="0.5"><system-out>../../src/ieee2008/numeric_std-body.vhdl:3062:7:@0ms:(assertion warning): NUMERIC_STD.TO_INTEGER: metavalue detected, returning 0
../../src/ieee2008/numeric_std-body.vhdl:3062:7:@0ms:(assertion warning): NUMERIC_STD.TO_INTEGER: metavalue detected, returning 0
simulation stopped @164635ns with status 0
</system-out></testcase><testcase classname="casper_adder_lib.common_add_sub_tb" name="direc = SUB, add_sub = 1, i_pipe = 1, o_pipe = 5, in_dat_w = 8, out_dat_w = 8" time="0.9"><system-out>../../src/ieee2008/numeric_std-body.vhdl:3062:7:@0ms:(assertion warning): NUMERIC_STD.TO_INTEGER: metavalue detected, returning 0
../../src/ieee2008/numeric_std-body.vhdl:3062:7:@0ms:(assertion warning): NUMERIC_STD.TO_INTEGER: metavalue detected, returning 0
simulation stopped @656155ns with status 0
</system-out></testcase><testcase classname="casper_adder_lib.common_add_sub_tb" name="direc = SUB, add_sub = 1, i_pipe = 1, o_pipe = 5, in_dat_w = 8, out_dat_w = 9" time="1.0"><system-out>../../src/ieee2008/numeric_std-body.vhdl:3062:7:@0ms:(assertion warning): NUMERIC_STD.TO_INTEGER: metavalue detected, returning 0
../../src/ieee2008/numeric_std-body.vhdl:3062:7:@0ms:(assertion warning): NUMERIC_STD.TO_INTEGER: metavalue detected, returning 0
simulation stopped @656155ns with status 0
</system-out></testcase><testcase classname="casper_adder_lib.common_add_sub_tb" name="direc = SUB, add_sub = 0, i_pipe = 0, o_pipe = 5, in_dat_w = 4, out_dat_w = 4" time="0.3"><system-out>../../src/ieee2008/numeric_std-body.vhdl:3062:7:@0ms:(assertion warning): NUMERIC_STD.TO_INTEGER: metavalue detected, returning 0
../../src/ieee2008/numeric_std-body.vhdl:3062:7:@0ms:(assertion warning): NUMERIC_STD.TO_INTEGER: metavalue detected, returning 0
../../src/ieee2008/numeric_std-body.vhdl:3062:7:@0ms:(assertion warning): NUMERIC_STD.TO_INTEGER: metavalue detected, returning 0
../../src/ieee2008/numeric_std-body.vhdl:3062:7:@0ms:(assertion warning): NUMERIC_STD.TO_INTEGER: metavalue detected, returning 0
../../src/ieee2008/numeric_std-body.vhdl:3117:7:@225ns:(assertion warning): NUMERIC_STD.TO_SIGNED: vector truncated
../../src/ieee2008/numeric_std-body.vhdl:3117:7:@235ns:(assertion warning): NUMERIC_STD.TO_SIGNED: vector truncated
../../src/ieee2008/numeric_std-body.vhdl:3117:7:@245ns:(assertion warning): NUMERIC_STD.TO_SIGNED: vector truncated
../../src/ieee2008/numeric_std-body.vhdl:3117:7:@245ns:(assertion warning): NUMERIC_STD.TO_SIGNED: vector truncated
../../src/ieee2008/numeric_std-body.vhdl:3117:7:@255ns:(assertion warning): NUMERIC_STD.TO_SIGNED: vector truncated
../../src/ieee2008/numeric_std-body.vhdl:3117:7:@255ns:(assertion warning): NUMERIC_STD.TO_SIGNED: vector truncated
../../src/ieee2008/numeric_std-body.vhdl:3117:7:@265ns:(assertion warning): NUMERIC_STD.TO_SIGNED: vector truncated
../../src/ieee2008/numeric_std-body.vhdl:3117:7:@265ns:(assertion warning): NUMERIC_STD.TO_SIGNED: vector truncated
../../src/ieee2008/numeric_std-body.vhdl:3117:7:@275ns:(assertion warning): NUMERIC_STD.TO_SIGNED: vector truncated
../../src/ieee2008/numeric_std-body.vhdl:3117:7:@275ns:(assertion warning): NUMERIC_STD.TO_SIGNED: vector truncated
simulation stopped @3355ns with status 0
</system-out></testcase><testcase classname="casper_adder_lib.common_add_sub_tb" name="direc = SUB, add_sub = 0, i_pipe = 0, o_pipe = 5, in_dat_w = 4, out_dat_w = 5" time="0.3"><system-out>../../src/ieee2008/numeric_std-body.vhdl:3062:7:@0ms:(assertion warning): NUMERIC_STD.TO_INTEGER: metavalue detected, returning 0
../../src/ieee2008/numeric_std-body.vhdl:3062:7:@0ms:(assertion warning): NUMERIC_STD.TO_INTEGER: metavalue detected, returning 0
../../src/ieee2008/numeric_std-body.vhdl:3062:7:@0ms:(assertion warning): NUMERIC_STD.TO_INTEGER: metavalue detected, returning 0
../../src/ieee2008/numeric_std-body.vhdl:3062:7:@0ms:(assertion warning): NUMERIC_STD.TO_INTEGER: metavalue detected, returning 0
../../src/ieee2008/numeric_std-body.vhdl:3117:7:@225ns:(assertion warning): NUMERIC_STD.TO_SIGNED: vector truncated
../../src/ieee2008/numeric_std-body.vhdl:3117:7:@235ns:(assertion warning): NUMERIC_STD.TO_SIGNED: vector truncated
../../src/ieee2008/numeric_std-body.vhdl:3117:7:@245ns:(assertion warning): NUMERIC_STD.TO_SIGNED: vector truncated
../../src/ieee2008/numeric_std-body.vhdl:3117:7:@245ns:(assertion warning): NUMERIC_STD.TO_SIGNED: vector truncated
../../src/ieee2008/numeric_std-body.vhdl:3117:7:@255ns:(assertion warning): NUMERIC_STD.TO_SIGNED: vector truncated
../../src/ieee2008/numeric_std-body.vhdl:3117:7:@255ns:(assertion warning): NUMERIC_STD.TO_SIGNED: vector truncated
../../src/ieee2008/numeric_std-body.vhdl:3117:7:@265ns:(assertion warning): NUMERIC_STD.TO_SIGNED: vector truncated
../../src/ieee2008/numeric_std-body.vhdl:3117:7:@265ns:(assertion warning): NUMERIC_STD.TO_SIGNED: vector truncated
../../src/ieee2008/numeric_std-body.vhdl:3117:7:@275ns:(assertion warning): NUMERIC_STD.TO_SIGNED: vector truncated
../../src/ieee2008/numeric_std-body.vhdl:3117:7:@275ns:(assertion warning): NUMERIC_STD.TO_SIGNED: vector truncated
simulation stopped @3355ns with status 0
</system-out></testcase><testcase classname="casper_adder_lib.common_add_sub_tb" name="direc = SUB, add_sub = 0, i_pipe = 0, o_pipe = 5, in_dat_w = 5, out_dat_w = 5" time="0.3"><system-out>../../src/ieee2008/numeric_std-body.vhdl:3062:7:@0ms:(assertion warning): NUMERIC_STD.TO_INTEGER: metavalue detected, returning 0
../../src/ieee2008/numeric_std-body.vhdl:3062:7:@0ms:(assertion warning): NUMERIC_STD.TO_INTEGER: metavalue detected, returning 0
../../src/ieee2008/numeric_std-body.vhdl:3062:7:@0ms:(assertion warning): NUMERIC_STD.TO_INTEGER: metavalue detected, returning 0
../../src/ieee2008/numeric_std-body.vhdl:3062:7:@0ms:(assertion warning): NUMERIC_STD.TO_INTEGER: metavalue detected, returning 0
simulation stopped @11035ns with status 0
</system-out></testcase><testcase classname="casper_adder_lib.common_add_sub_tb" name="direc = SUB, add_sub = 0, i_pipe = 0, o_pipe = 5, in_dat_w = 5, out_dat_w = 6" time="0.3"><system-out>../../src/ieee2008/numeric_std-body.vhdl:3062:7:@0ms:(assertion warning): NUMERIC_STD.TO_INTEGER: metavalue detected, returning 0
../../src/ieee2008/numeric_std-body.vhdl:3062:7:@0ms:(assertion warning): NUMERIC_STD.TO_INTEGER: metavalue detected, returning 0
../../src/ieee2008/numeric_std-body.vhdl:3062:7:@0ms:(assertion warning): NUMERIC_STD.TO_INTEGER: metavalue detected, returning 0
../../src/ieee2008/numeric_std-body.vhdl:3062:7:@0ms:(assertion warning): NUMERIC_STD.TO_INTEGER: metavalue detected, returning 0
simulation stopped @11035ns with status 0
</system-out></testcase><testcase classname="casper_adder_lib.common_add_sub_tb" name="direc = SUB, add_sub = 0, i_pipe = 0, o_pipe = 5, in_dat_w = 6, out_dat_w = 6" time="0.3"><system-out>../../src/ieee2008/numeric_std-body.vhdl:3062:7:@0ms:(assertion warning): NUMERIC_STD.TO_INTEGER: metavalue detected, returning 0
../../src/ieee2008/numeric_std-body.vhdl:3062:7:@0ms:(assertion warning): NUMERIC_STD.TO_INTEGER: metavalue detected, returning 0
../../src/ieee2008/numeric_std-body.vhdl:3062:7:@0ms:(assertion warning): NUMERIC_STD.TO_INTEGER: metavalue detected, returning 0
../../src/ieee2008/numeric_std-body.vhdl:3062:7:@0ms:(assertion warning): NUMERIC_STD.TO_INTEGER: metavalue detected, returning 0
simulation stopped @41755ns with status 0
</system-out></testcase><testcase classname="casper_adder_lib.common_add_sub_tb" name="direc = SUB, add_sub = 0, i_pipe = 0, o_pipe = 5, in_dat_w = 6, out_dat_w = 7" time="0.3"><system-out>../../src/ieee2008/numeric_std-body.vhdl:3062:7:@0ms:(assertion warning): NUMERIC_STD.TO_INTEGER: metavalue detected, returning 0
../../src/ieee2008/numeric_std-body.vhdl:3062:7:@0ms:(assertion warning): NUMERIC_STD.TO_INTEGER: metavalue detected, returning 0
../../src/ieee2008/numeric_std-body.vhdl:3062:7:@0ms:(assertion warning): NUMERIC_STD.TO_INTEGER: metavalue detected, returning 0
../../src/ieee2008/numeric_std-body.vhdl:3062:7:@0ms:(assertion warning): NUMERIC_STD.TO_INTEGER: metavalue detected, returning 0
simulation stopped @41755ns with status 0
</system-out></testcase><testcase classname="casper_adder_lib.common_add_sub_tb" name="direc = SUB, add_sub = 0, i_pipe = 0, o_pipe = 5, in_dat_w = 7, out_dat_w = 7" time="0.5"><system-out>../../src/ieee2008/numeric_std-body.vhdl:3062:7:@0ms:(assertion warning): NUMERIC_STD.TO_INTEGER: metavalue detected, returning 0
../../src/ieee2008/numeric_std-body.vhdl:3062:7:@0ms:(assertion warning): NUMERIC_STD.TO_INTEGER: metavalue detected, returning 0
../../src/ieee2008/numeric_std-body.vhdl:3062:7:@0ms:(assertion warning): NUMERIC_STD.TO_INTEGER: metavalue detected, returning 0
../../src/ieee2008/numeric_std-body.vhdl:3062:7:@0ms:(assertion warning): NUMERIC_STD.TO_INTEGER: metavalue detected, returning 0
simulation stopped @164635ns with status 0
</system-out></testcase><testcase classname="casper_adder_lib.common_add_sub_tb" name="direc = SUB, add_sub = 0, i_pipe = 0, o_pipe = 5, in_dat_w = 7, out_dat_w = 8" time="0.5"><system-out>../../src/ieee2008/numeric_std-body.vhdl:3062:7:@0ms:(assertion warning): NUMERIC_STD.TO_INTEGER: metavalue detected, returning 0
../../src/ieee2008/numeric_std-body.vhdl:3062:7:@0ms:(assertion warning): NUMERIC_STD.TO_INTEGER: metavalue detected, returning 0
../../src/ieee2008/numeric_std-body.vhdl:3062:7:@0ms:(assertion warning): NUMERIC_STD.TO_INTEGER: metavalue detected, returning 0
../../src/ieee2008/numeric_std-body.vhdl:3062:7:@0ms:(assertion warning): NUMERIC_STD.TO_INTEGER: metavalue detected, returning 0
simulation stopped @164635ns with status 0
</system-out></testcase><testcase classname="casper_adder_lib.common_add_sub_tb" name="direc = SUB, add_sub = 0, i_pipe = 0, o_pipe = 5, in_dat_w = 8, out_dat_w = 8" time="0.9"><system-out>../../src/ieee2008/numeric_std-body.vhdl:3062:7:@0ms:(assertion warning): NUMERIC_STD.TO_INTEGER: metavalue detected, returning 0
../../src/ieee2008/numeric_std-body.vhdl:3062:7:@0ms:(assertion warning): NUMERIC_STD.TO_INTEGER: metavalue detected, returning 0
../../src/ieee2008/numeric_std-body.vhdl:3062:7:@0ms:(assertion warning): NUMERIC_STD.TO_INTEGER: metavalue detected, returning 0
../../src/ieee2008/numeric_std-body.vhdl:3062:7:@0ms:(assertion warning): NUMERIC_STD.TO_INTEGER: metavalue detected, returning 0
simulation stopped @656155ns with status 0
</system-out></testcase><testcase classname="casper_adder_lib.common_add_sub_tb" name="direc = SUB, add_sub = 0, i_pipe = 0, o_pipe = 5, in_dat_w = 8, out_dat_w = 9" time="0.9"><system-out>../../src/ieee2008/numeric_std-body.vhdl:3062:7:@0ms:(assertion warning): NUMERIC_STD.TO_INTEGER: metavalue detected, returning 0
../../src/ieee2008/numeric_std-body.vhdl:3062:7:@0ms:(assertion warning): NUMERIC_STD.TO_INTEGER: metavalue detected, returning 0
../../src/ieee2008/numeric_std-body.vhdl:3062:7:@0ms:(assertion warning): NUMERIC_STD.TO_INTEGER: metavalue detected, returning 0
../../src/ieee2008/numeric_std-body.vhdl:3062:7:@0ms:(assertion warning): NUMERIC_STD.TO_INTEGER: metavalue detected, returning 0
simulation stopped @656155ns with status 0
</system-out></testcase><testcase classname="casper_adder_lib.common_add_sub_tb" name="direc = SUB, add_sub = 0, i_pipe = 1, o_pipe = 5, in_dat_w = 4, out_dat_w = 4" time="0.3"><system-out>../../src/ieee2008/numeric_std-body.vhdl:3062:7:@0ms:(assertion warning): NUMERIC_STD.TO_INTEGER: metavalue detected, returning 0
../../src/ieee2008/numeric_std-body.vhdl:3062:7:@0ms:(assertion warning): NUMERIC_STD.TO_INTEGER: metavalue detected, returning 0
../../src/ieee2008/numeric_std-body.vhdl:3062:7:@0ms:(assertion warning): NUMERIC_STD.TO_INTEGER: metavalue detected, returning 0
../../src/ieee2008/numeric_std-body.vhdl:3062:7:@0ms:(assertion warning): NUMERIC_STD.TO_INTEGER: metavalue detected, returning 0
../../src/ieee2008/numeric_std-body.vhdl:3117:7:@225ns:(assertion warning): NUMERIC_STD.TO_SIGNED: vector truncated
../../src/ieee2008/numeric_std-body.vhdl:3117:7:@235ns:(assertion warning): NUMERIC_STD.TO_SIGNED: vector truncated
../../src/ieee2008/numeric_std-body.vhdl:3117:7:@245ns:(assertion warning): NUMERIC_STD.TO_SIGNED: vector truncated
../../src/ieee2008/numeric_std-body.vhdl:3117:7:@245ns:(assertion warning): NUMERIC_STD.TO_SIGNED: vector truncated
../../src/ieee2008/numeric_std-body.vhdl:3117:7:@255ns:(assertion warning): NUMERIC_STD.TO_SIGNED: vector truncated
../../src/ieee2008/numeric_std-body.vhdl:3117:7:@255ns:(assertion warning): NUMERIC_STD.TO_SIGNED: vector truncated
../../src/ieee2008/numeric_std-body.vhdl:3117:7:@265ns:(assertion warning): NUMERIC_STD.TO_SIGNED: vector truncated
../../src/ieee2008/numeric_std-body.vhdl:3117:7:@265ns:(assertion warning): NUMERIC_STD.TO_SIGNED: vector truncated
../../src/ieee2008/numeric_std-body.vhdl:3117:7:@275ns:(assertion warning): NUMERIC_STD.TO_SIGNED: vector truncated
../../src/ieee2008/numeric_std-body.vhdl:3117:7:@275ns:(assertion warning): NUMERIC_STD.TO_SIGNED: vector truncated
simulation stopped @3355ns with status 0
</system-out></testcase><testcase classname="casper_adder_lib.common_add_sub_tb" name="direc = SUB, add_sub = 0, i_pipe = 1, o_pipe = 5, in_dat_w = 4, out_dat_w = 5" time="0.3"><system-out>../../src/ieee2008/numeric_std-body.vhdl:3062:7:@0ms:(assertion warning): NUMERIC_STD.TO_INTEGER: metavalue detected, returning 0
../../src/ieee2008/numeric_std-body.vhdl:3062:7:@0ms:(assertion warning): NUMERIC_STD.TO_INTEGER: metavalue detected, returning 0
../../src/ieee2008/numeric_std-body.vhdl:3062:7:@0ms:(assertion warning): NUMERIC_STD.TO_INTEGER: metavalue detected, returning 0
../../src/ieee2008/numeric_std-body.vhdl:3062:7:@0ms:(assertion warning): NUMERIC_STD.TO_INTEGER: metavalue detected, returning 0
../../src/ieee2008/numeric_std-body.vhdl:3117:7:@225ns:(assertion warning): NUMERIC_STD.TO_SIGNED: vector truncated
../../src/ieee2008/numeric_std-body.vhdl:3117:7:@235ns:(assertion warning): NUMERIC_STD.TO_SIGNED: vector truncated
../../src/ieee2008/numeric_std-body.vhdl:3117:7:@245ns:(assertion warning): NUMERIC_STD.TO_SIGNED: vector truncated
../../src/ieee2008/numeric_std-body.vhdl:3117:7:@245ns:(assertion warning): NUMERIC_STD.TO_SIGNED: vector truncated
../../src/ieee2008/numeric_std-body.vhdl:3117:7:@255ns:(assertion warning): NUMERIC_STD.TO_SIGNED: vector truncated
../../src/ieee2008/numeric_std-body.vhdl:3117:7:@255ns:(assertion warning): NUMERIC_STD.TO_SIGNED: vector truncated
../../src/ieee2008/numeric_std-body.vhdl:3117:7:@265ns:(assertion warning): NUMERIC_STD.TO_SIGNED: vector truncated
../../src/ieee2008/numeric_std-body.vhdl:3117:7:@265ns:(assertion warning): NUMERIC_STD.TO_SIGNED: vector truncated
../../src/ieee2008/numeric_std-body.vhdl:3117:7:@275ns:(assertion warning): NUMERIC_STD.TO_SIGNED: vector truncated
../../src/ieee2008/numeric_std-body.vhdl:3117:7:@275ns:(assertion warning): NUMERIC_STD.TO_SIGNED: vector truncated
simulation stopped @3355ns with status 0
</system-out></testcase><testcase classname="casper_adder_lib.common_add_sub_tb" name="direc = SUB, add_sub = 0, i_pipe = 1, o_pipe = 5, in_dat_w = 5, out_dat_w = 5" time="0.3"><system-out>../../src/ieee2008/numeric_std-body.vhdl:3062:7:@0ms:(assertion warning): NUMERIC_STD.TO_INTEGER: metavalue detected, returning 0
../../src/ieee2008/numeric_std-body.vhdl:3062:7:@0ms:(assertion warning): NUMERIC_STD.TO_INTEGER: metavalue detected, returning 0
../../src/ieee2008/numeric_std-body.vhdl:3062:7:@0ms:(assertion warning): NUMERIC_STD.TO_INTEGER: metavalue detected, returning 0
../../src/ieee2008/numeric_std-body.vhdl:3062:7:@0ms:(assertion warning): NUMERIC_STD.TO_INTEGER: metavalue detected, returning 0
simulation stopped @11035ns with status 0
</system-out></testcase><testcase classname="casper_adder_lib.common_add_sub_tb" name="direc = SUB, add_sub = 0, i_pipe = 1, o_pipe = 5, in_dat_w = 5, out_dat_w = 6" time="0.3"><system-out>../../src/ieee2008/numeric_std-body.vhdl:3062:7:@0ms:(assertion warning): NUMERIC_STD.TO_INTEGER: metavalue detected, returning 0
../../src/ieee2008/numeric_std-body.vhdl:3062:7:@0ms:(assertion warning): NUMERIC_STD.TO_INTEGER: metavalue detected, returning 0
../../src/ieee2008/numeric_std-body.vhdl:3062:7:@0ms:(assertion warning): NUMERIC_STD.TO_INTEGER: metavalue detected, returning 0
../../src/ieee2008/numeric_std-body.vhdl:3062:7:@0ms:(assertion warning): NUMERIC_STD.TO_INTEGER: metavalue detected, returning 0
simulation stopped @11035ns with status 0
</system-out></testcase><testcase classname="casper_adder_lib.common_add_sub_tb" name="direc = SUB, add_sub = 0, i_pipe = 1, o_pipe = 5, in_dat_w = 6, out_dat_w = 6" time="0.3"><system-out>../../src/ieee2008/numeric_std-body.vhdl:3062:7:@0ms:(assertion warning): NUMERIC_STD.TO_INTEGER: metavalue detected, returning 0
../../src/ieee2008/numeric_std-body.vhdl:3062:7:@0ms:(assertion warning): NUMERIC_STD.TO_INTEGER: metavalue detected, returning 0
../../src/ieee2008/numeric_std-body.vhdl:3062:7:@0ms:(assertion warning): NUMERIC_STD.TO_INTEGER: metavalue detected, returning 0
../../src/ieee2008/numeric_std-body.vhdl:3062:7:@0ms:(assertion warning): NUMERIC_STD.TO_INTEGER: metavalue detected, returning 0
simulation stopped @41755ns with status 0
</system-out></testcase><testcase classname="casper_adder_lib.common_add_sub_tb" name="direc = SUB, add_sub = 0, i_pipe = 1, o_pipe = 5, in_dat_w = 6, out_dat_w = 7" time="0.3"><system-out>../../src/ieee2008/numeric_std-body.vhdl:3062:7:@0ms:(assertion warning): NUMERIC_STD.TO_INTEGER: metavalue detected, returning 0
../../src/ieee2008/numeric_std-body.vhdl:3062:7:@0ms:(assertion warning): NUMERIC_STD.TO_INTEGER: metavalue detected, returning 0
../../src/ieee2008/numeric_std-body.vhdl:3062:7:@0ms:(assertion warning): NUMERIC_STD.TO_INTEGER: metavalue detected, returning 0
../../src/ieee2008/numeric_std-body.vhdl:3062:7:@0ms:(assertion warning): NUMERIC_STD.TO_INTEGER: metavalue detected, returning 0
simulation stopped @41755ns with status 0
</system-out></testcase><testcase classname="casper_adder_lib.common_add_sub_tb" name="direc = SUB, add_sub = 0, i_pipe = 1, o_pipe = 5, in_dat_w = 7, out_dat_w = 7" time="0.5"><system-out>../../src/ieee2008/numeric_std-body.vhdl:3062:7:@0ms:(assertion warning): NUMERIC_STD.TO_INTEGER: metavalue detected, returning 0
../../src/ieee2008/numeric_std-body.vhdl:3062:7:@0ms:(assertion warning): NUMERIC_STD.TO_INTEGER: metavalue detected, returning 0
../../src/ieee2008/numeric_std-body.vhdl:3062:7:@0ms:(assertion warning): NUMERIC_STD.TO_INTEGER: metavalue detected, returning 0
../../src/ieee2008/numeric_std-body.vhdl:3062:7:@0ms:(assertion warning): NUMERIC_STD.TO_INTEGER: metavalue detected, returning 0
simulation stopped @164635ns with status 0
</system-out></testcase><testcase classname="casper_adder_lib.common_add_sub_tb" name="direc = SUB, add_sub = 0, i_pipe = 1, o_pipe = 5, in_dat_w = 7, out_dat_w = 8" time="0.5"><system-out>../../src/ieee2008/numeric_std-body.vhdl:3062:7:@0ms:(assertion warning): NUMERIC_STD.TO_INTEGER: metavalue detected, returning 0
../../src/ieee2008/numeric_std-body.vhdl:3062:7:@0ms:(assertion warning): NUMERIC_STD.TO_INTEGER: metavalue detected, returning 0
../../src/ieee2008/numeric_std-body.vhdl:3062:7:@0ms:(assertion warning): NUMERIC_STD.TO_INTEGER: metavalue detected, returning 0
../../src/ieee2008/numeric_std-body.vhdl:3062:7:@0ms:(assertion warning): NUMERIC_STD.TO_INTEGER: metavalue detected, returning 0
simulation stopped @164635ns with status 0
</system-out></testcase><testcase classname="casper_adder_lib.common_add_sub_tb" name="direc = SUB, add_sub = 0, i_pipe = 1, o_pipe = 5, in_dat_w = 8, out_dat_w = 8" time="0.9"><system-out>../../src/ieee2008/numeric_std-body.vhdl:3062:7:@0ms:(assertion warning): NUMERIC_STD.TO_INTEGER: metavalue detected, returning 0
../../src/ieee2008/numeric_std-body.vhdl:3062:7:@0ms:(assertion warning): NUMERIC_STD.TO_INTEGER: metavalue detected, returning 0
../../src/ieee2008/numeric_std-body.vhdl:3062:7:@0ms:(assertion warning): NUMERIC_STD.TO_INTEGER: metavalue detected, returning 0
../../src/ieee2008/numeric_std-body.vhdl:3062:7:@0ms:(assertion warning): NUMERIC_STD.TO_INTEGER: metavalue detected, returning 0
simulation stopped @656155ns with status 0
</system-out></testcase><testcase classname="casper_adder_lib.common_add_sub_tb" name="direc = SUB, add_sub = 0, i_pipe = 1, o_pipe = 5, in_dat_w = 8, out_dat_w = 9" time="0.9"><system-out>../../src/ieee2008/numeric_std-body.vhdl:3062:7:@0ms:(assertion warning): NUMERIC_STD.TO_INTEGER: metavalue detected, returning 0
../../src/ieee2008/numeric_std-body.vhdl:3062:7:@0ms:(assertion warning): NUMERIC_STD.TO_INTEGER: metavalue detected, returning 0
../../src/ieee2008/numeric_std-body.vhdl:3062:7:@0ms:(assertion warning): NUMERIC_STD.TO_INTEGER: metavalue detected, returning 0
../../src/ieee2008/numeric_std-body.vhdl:3062:7:@0ms:(assertion warning): NUMERIC_STD.TO_INTEGER: metavalue detected, returning 0
simulation stopped @656155ns with status 0
</system-out></testcase><testcase classname="casper_adder_lib.common_add_sub_tb" name="direc = BOTH, add_sub = 1, i_pipe = 0, o_pipe = 5, in_dat_w = 4, out_dat_w = 4" time="0.3"><system-out>../../src/ieee2008/numeric_std-body.vhdl:3062:7:@0ms:(assertion warning): NUMERIC_STD.TO_INTEGER: metavalue detected, returning 0
../../src/ieee2008/numeric_std-body.vhdl:3062:7:@0ms:(assertion warning): NUMERIC_STD.TO_INTEGER: metavalue detected, returning 0
../../src/ieee2008/numeric_std-body.vhdl:3117:7:@225ns:(assertion warning): NUMERIC_STD.TO_SIGNED: vector truncated
../../src/ieee2008/numeric_std-body.vhdl:3117:7:@235ns:(assertion warning): NUMERIC_STD.TO_SIGNED: vector truncated
../../src/ieee2008/numeric_std-body.vhdl:3117:7:@245ns:(assertion warning): NUMERIC_STD.TO_SIGNED: vector truncated
../../src/ieee2008/numeric_std-body.vhdl:3117:7:@245ns:(assertion warning): NUMERIC_STD.TO_SIGNED: vector truncated
../../src/ieee2008/numeric_std-body.vhdl:3117:7:@255ns:(assertion warning): NUMERIC_STD.TO_SIGNED: vector truncated
../../src/ieee2008/numeric_std-body.vhdl:3117:7:@255ns:(assertion warning): NUMERIC_STD.TO_SIGNED: vector truncated
../../src/ieee2008/numeric_std-body.vhdl:3117:7:@265ns:(assertion warning): NUMERIC_STD.TO_SIGNED: vector truncated
../../src/ieee2008/numeric_std-body.vhdl:3117:7:@265ns:(assertion warning): NUMERIC_STD.TO_SIGNED: vector truncated
../../src/ieee2008/numeric_std-body.vhdl:3117:7:@275ns:(assertion warning): NUMERIC_STD.TO_SIGNED: vector truncated
../../src/ieee2008/numeric_std-body.vhdl:3117:7:@275ns:(assertion warning): NUMERIC_STD.TO_SIGNED: vector truncated
simulation stopped @3355ns with status 0
</system-out></testcase><testcase classname="casper_adder_lib.common_add_sub_tb" name="direc = BOTH, add_sub = 1, i_pipe = 0, o_pipe = 5, in_dat_w = 4, out_dat_w = 5" time="0.3"><system-out>../../src/ieee2008/numeric_std-body.vhdl:3062:7:@0ms:(assertion warning): NUMERIC_STD.TO_INTEGER: metavalue detected, returning 0
../../src/ieee2008/numeric_std-body.vhdl:3062:7:@0ms:(assertion warning): NUMERIC_STD.TO_INTEGER: metavalue detected, returning 0
../../src/ieee2008/numeric_std-body.vhdl:3117:7:@225ns:(assertion warning): NUMERIC_STD.TO_SIGNED: vector truncated
../../src/ieee2008/numeric_std-body.vhdl:3117:7:@235ns:(assertion warning): NUMERIC_STD.TO_SIGNED: vector truncated
../../src/ieee2008/numeric_std-body.vhdl:3117:7:@245ns:(assertion warning): NUMERIC_STD.TO_SIGNED: vector truncated
../../src/ieee2008/numeric_std-body.vhdl:3117:7:@245ns:(assertion warning): NUMERIC_STD.TO_SIGNED: vector truncated
../../src/ieee2008/numeric_std-body.vhdl:3117:7:@255ns:(assertion warning): NUMERIC_STD.TO_SIGNED: vector truncated
../../src/ieee2008/numeric_std-body.vhdl:3117:7:@255ns:(assertion warning): NUMERIC_STD.TO_SIGNED: vector truncated
../../src/ieee2008/numeric_std-body.vhdl:3117:7:@265ns:(assertion warning): NUMERIC_STD.TO_SIGNED: vector truncated
../../src/ieee2008/numeric_std-body.vhdl:3117:7:@265ns:(assertion warning): NUMERIC_STD.TO_SIGNED: vector truncated
../../src/ieee2008/numeric_std-body.vhdl:3117:7:@275ns:(assertion warning): NUMERIC_STD.TO_SIGNED: vector truncated
../../src/ieee2008/numeric_std-body.vhdl:3117:7:@275ns:(assertion warning): NUMERIC_STD.TO_SIGNED: vector truncated
simulation stopped @3355ns with status 0
</system-out></testcase><testcase classname="casper_adder_lib.common_add_sub_tb" name="direc = BOTH, add_sub = 1, i_pipe = 0, o_pipe = 5, in_dat_w = 5, out_dat_w = 5" time="0.3"><system-out>../../src/ieee2008/numeric_std-body.vhdl:3062:7:@0ms:(assertion warning): NUMERIC_STD.TO_INTEGER: metavalue detected, returning 0
../../src/ieee2008/numeric_std-body.vhdl:3062:7:@0ms:(assertion warning): NUMERIC_STD.TO_INTEGER: metavalue detected, returning 0
simulation stopped @11035ns with status 0
</system-out></testcase><testcase classname="casper_adder_lib.common_add_sub_tb" name="direc = BOTH, add_sub = 1, i_pipe = 0, o_pipe = 5, in_dat_w = 5, out_dat_w = 6" time="0.3"><system-out>../../src/ieee2008/numeric_std-body.vhdl:3062:7:@0ms:(assertion warning): NUMERIC_STD.TO_INTEGER: metavalue detected, returning 0
../../src/ieee2008/numeric_std-body.vhdl:3062:7:@0ms:(assertion warning): NUMERIC_STD.TO_INTEGER: metavalue detected, returning 0
simulation stopped @11035ns with status 0
</system-out></testcase><testcase classname="casper_adder_lib.common_add_sub_tb" name="direc = BOTH, add_sub = 1, i_pipe = 0, o_pipe = 5, in_dat_w = 6, out_dat_w = 6" time="0.3"><system-out>../../src/ieee2008/numeric_std-body.vhdl:3062:7:@0ms:(assertion warning): NUMERIC_STD.TO_INTEGER: metavalue detected, returning 0
../../src/ieee2008/numeric_std-body.vhdl:3062:7:@0ms:(assertion warning): NUMERIC_STD.TO_INTEGER: metavalue detected, returning 0
simulation stopped @41755ns with status 0
</system-out></testcase><testcase classname="casper_adder_lib.common_add_sub_tb" name="direc = BOTH, add_sub = 1, i_pipe = 0, o_pipe = 5, in_dat_w = 6, out_dat_w = 7" time="0.3"><system-out>../../src/ieee2008/numeric_std-body.vhdl:3062:7:@0ms:(assertion warning): NUMERIC_STD.TO_INTEGER: metavalue detected, returning 0
../../src/ieee2008/numeric_std-body.vhdl:3062:7:@0ms:(assertion warning): NUMERIC_STD.TO_INTEGER: metavalue detected, returning 0
simulation stopped @41755ns with status 0
</system-out></testcase><testcase classname="casper_adder_lib.common_add_sub_tb" name="direc = BOTH, add_sub = 1, i_pipe = 0, o_pipe = 5, in_dat_w = 7, out_dat_w = 7" time="0.5"><system-out>../../src/ieee2008/numeric_std-body.vhdl:3062:7:@0ms:(assertion warning): NUMERIC_STD.TO_INTEGER: metavalue detected, returning 0
../../src/ieee2008/numeric_std-body.vhdl:3062:7:@0ms:(assertion warning): NUMERIC_STD.TO_INTEGER: metavalue detected, returning 0
simulation stopped @164635ns with status 0
</system-out></testcase><testcase classname="casper_adder_lib.common_add_sub_tb" name="direc = BOTH, add_sub = 1, i_pipe = 0, o_pipe = 5, in_dat_w = 7, out_dat_w = 8" time="0.5"><system-out>../../src/ieee2008/numeric_std-body.vhdl:3062:7:@0ms:(assertion warning): NUMERIC_STD.TO_INTEGER: metavalue detected, returning 0
../../src/ieee2008/numeric_std-body.vhdl:3062:7:@0ms:(assertion warning): NUMERIC_STD.TO_INTEGER: metavalue detected, returning 0
simulation stopped @164635ns with status 0
</system-out></testcase><testcase classname="casper_adder_lib.common_add_sub_tb" name="direc = BOTH, add_sub = 1, i_pipe = 0, o_pipe = 5, in_dat_w = 8, out_dat_w = 8" time="0.9"><system-out>../../src/ieee2008/numeric_std-body.vhdl:3062:7:@0ms:(assertion warning): NUMERIC_STD.TO_INTEGER: metavalue detected, returning 0
../../src/ieee2008/numeric_std-body.vhdl:3062:7:@0ms:(assertion warning): NUMERIC_STD.TO_INTEGER: metavalue detected, returning 0
simulation stopped @656155ns with status 0
</system-out></testcase><testcase classname="casper_adder_lib.common_add_sub_tb" name="direc = BOTH, add_sub = 1, i_pipe = 0, o_pipe = 5, in_dat_w = 8, out_dat_w = 9" time="0.9"><system-out>../../src/ieee2008/numeric_std-body.vhdl:3062:7:@0ms:(assertion warning): NUMERIC_STD.TO_INTEGER: metavalue detected, returning 0
../../src/ieee2008/numeric_std-body.vhdl:3062:7:@0ms:(assertion warning): NUMERIC_STD.TO_INTEGER: metavalue detected, returning 0
simulation stopped @656155ns with status 0
</system-out></testcase><testcase classname="casper_adder_lib.common_add_sub_tb" name="direc = BOTH, add_sub = 1, i_pipe = 1, o_pipe = 5, in_dat_w = 4, out_dat_w = 4" time="0.3"><system-out>../../src/ieee2008/numeric_std-body.vhdl:3062:7:@0ms:(assertion warning): NUMERIC_STD.TO_INTEGER: metavalue detected, returning 0
../../src/ieee2008/numeric_std-body.vhdl:3062:7:@0ms:(assertion warning): NUMERIC_STD.TO_INTEGER: metavalue detected, returning 0
../../src/ieee2008/numeric_std-body.vhdl:3117:7:@225ns:(assertion warning): NUMERIC_STD.TO_SIGNED: vector truncated
../../src/ieee2008/numeric_std-body.vhdl:3117:7:@235ns:(assertion warning): NUMERIC_STD.TO_SIGNED: vector truncated
../../src/ieee2008/numeric_std-body.vhdl:3117:7:@245ns:(assertion warning): NUMERIC_STD.TO_SIGNED: vector truncated
../../src/ieee2008/numeric_std-body.vhdl:3117:7:@245ns:(assertion warning): NUMERIC_STD.TO_SIGNED: vector truncated
../../src/ieee2008/numeric_std-body.vhdl:3117:7:@255ns:(assertion warning): NUMERIC_STD.TO_SIGNED: vector truncated
../../src/ieee2008/numeric_std-body.vhdl:3117:7:@255ns:(assertion warning): NUMERIC_STD.TO_SIGNED: vector truncated
../../src/ieee2008/numeric_std-body.vhdl:3117:7:@265ns:(assertion warning): NUMERIC_STD.TO_SIGNED: vector truncated
../../src/ieee2008/numeric_std-body.vhdl:3117:7:@265ns:(assertion warning): NUMERIC_STD.TO_SIGNED: vector truncated
../../src/ieee2008/numeric_std-body.vhdl:3117:7:@275ns:(assertion warning): NUMERIC_STD.TO_SIGNED: vector truncated
../../src/ieee2008/numeric_std-body.vhdl:3117:7:@275ns:(assertion warning): NUMERIC_STD.TO_SIGNED: vector truncated
simulation stopped @3355ns with status 0
</system-out></testcase><testcase classname="casper_adder_lib.common_add_sub_tb" name="direc = BOTH, add_sub = 1, i_pipe = 1, o_pipe = 5, in_dat_w = 4, out_dat_w = 5" time="0.3"><system-out>../../src/ieee2008/numeric_std-body.vhdl:3062:7:@0ms:(assertion warning): NUMERIC_STD.TO_INTEGER: metavalue detected, returning 0
../../src/ieee2008/numeric_std-body.vhdl:3062:7:@0ms:(assertion warning): NUMERIC_STD.TO_INTEGER: metavalue detected, returning 0
../../src/ieee2008/numeric_std-body.vhdl:3117:7:@225ns:(assertion warning): NUMERIC_STD.TO_SIGNED: vector truncated
../../src/ieee2008/numeric_std-body.vhdl:3117:7:@235ns:(assertion warning): NUMERIC_STD.TO_SIGNED: vector truncated
../../src/ieee2008/numeric_std-body.vhdl:3117:7:@245ns:(assertion warning): NUMERIC_STD.TO_SIGNED: vector truncated
../../src/ieee2008/numeric_std-body.vhdl:3117:7:@245ns:(assertion warning): NUMERIC_STD.TO_SIGNED: vector truncated
../../src/ieee2008/numeric_std-body.vhdl:3117:7:@255ns:(assertion warning): NUMERIC_STD.TO_SIGNED: vector truncated
../../src/ieee2008/numeric_std-body.vhdl:3117:7:@255ns:(assertion warning): NUMERIC_STD.TO_SIGNED: vector truncated
../../src/ieee2008/numeric_std-body.vhdl:3117:7:@265ns:(assertion warning): NUMERIC_STD.TO_SIGNED: vector truncated
../../src/ieee2008/numeric_std-body.vhdl:3117:7:@265ns:(assertion warning): NUMERIC_STD.TO_SIGNED: vector truncated
../../src/ieee2008/numeric_std-body.vhdl:3117:7:@275ns:(assertion warning): NUMERIC_STD.TO_SIGNED: vector truncated
../../src/ieee2008/numeric_std-body.vhdl:3117:7:@275ns:(assertion warning): NUMERIC_STD.TO_SIGNED: vector truncated
simulation stopped @3355ns with status 0
</system-out></testcase><testcase classname="casper_adder_lib.common_add_sub_tb" name="direc = BOTH, add_sub = 1, i_pipe = 1, o_pipe = 5, in_dat_w = 5, out_dat_w = 5" time="0.3"><system-out>../../src/ieee2008/numeric_std-body.vhdl:3062:7:@0ms:(assertion warning): NUMERIC_STD.TO_INTEGER: metavalue detected, returning 0
../../src/ieee2008/numeric_std-body.vhdl:3062:7:@0ms:(assertion warning): NUMERIC_STD.TO_INTEGER: metavalue detected, returning 0
simulation stopped @11035ns with status 0
</system-out></testcase><testcase classname="casper_adder_lib.common_add_sub_tb" name="direc = BOTH, add_sub = 1, i_pipe = 1, o_pipe = 5, in_dat_w = 5, out_dat_w = 6" time="0.3"><system-out>../../src/ieee2008/numeric_std-body.vhdl:3062:7:@0ms:(assertion warning): NUMERIC_STD.TO_INTEGER: metavalue detected, returning 0
../../src/ieee2008/numeric_std-body.vhdl:3062:7:@0ms:(assertion warning): NUMERIC_STD.TO_INTEGER: metavalue detected, returning 0
simulation stopped @11035ns with status 0
[...]
../../src/ieee2008/numeric_std-body.vhdl:3062:7:@0ms:(assertion warning): NUMERIC_STD.TO_INTEGER: metavalue detected, returning 0
simulation stopped @656155ns with status 0
</system-out></testcase><testcase classname="casper_adder_lib.common_add_sub_tb" name="direc = BOTH, add_sub = 0, i_pipe = 0, o_pipe = 5, in_dat_w = 4, out_dat_w = 4" time="0.3"><system-out>../../src/ieee2008/numeric_std-body.vhdl:3062:7:@0ms:(assertion warning): NUMERIC_STD.TO_INTEGER: metavalue detected, returning 0
../../src/ieee2008/numeric_std-body.vhdl:3062:7:@0ms:(assertion warning): NUMERIC_STD.TO_INTEGER: metavalue detected, returning 0
../../src/ieee2008/numeric_std-body.vhdl:3062:7:@0ms:(assertion warning): NUMERIC_STD.TO_INTEGER: metavalue detected, returning 0
../../src/ieee2008/numeric_std-body.vhdl:3062:7:@0ms:(assertion warning): NUMERIC_STD.TO_INTEGER: metavalue detected, returning 0
../../src/ieee2008/numeric_std-body.vhdl:3117:7:@225ns:(assertion warning): NUMERIC_STD.TO_SIGNED: vector truncated
../../src/ieee2008/numeric_std-body.vhdl:3117:7:@235ns:(assertion warning): NUMERIC_STD.TO_SIGNED: vector truncated
../../src/ieee2008/numeric_std-body.vhdl:3117:7:@245ns:(assertion warning): NUMERIC_STD.TO_SIGNED: vector truncated
../../src/ieee2008/numeric_std-body.vhdl:3117:7:@245ns:(assertion warning): NUMERIC_STD.TO_SIGNED: vector truncated
../../src/ieee2008/numeric_std-body.vhdl:3117:7:@255ns:(assertion warning): NUMERIC_STD.TO_SIGNED: vector truncated
../../src/ieee2008/numeric_std-body.vhdl:3117:7:@255ns:(assertion warning): NUMERIC_STD.TO_SIGNED: vector truncated
../../src/ieee2008/numeric_std-body.vhdl:3117:7:@265ns:(assertion warning): NUMERIC_STD.TO_SIGNED: vector truncated
../../src/ieee2008/numeric_std-body.vhdl:3117:7:@265ns:(assertion warning): NUMERIC_STD.TO_SIGNED: vector truncated
../../src/ieee2008/numeric_std-body.vhdl:3117:7:@275ns:(assertion warning): NUMERIC_STD.TO_SIGNED: vector truncated
../../src/ieee2008/numeric_std-body.vhdl:3117:7:@275ns:(assertion warning): NUMERIC_STD.TO_SIGNED: vector truncated
simulation stopped @3355ns with status 0
</system-out></testcase><testcase classname="casper_adder_lib.common_add_sub_tb" name="direc = BOTH, add_sub = 0, i_pipe = 0, o_pipe = 5, in_dat_w = 4, out_dat_w = 5" time="0.3"><system-out>../../src/ieee2008/numeric_std-body.vhdl:3062:7:@0ms:(assertion warning): NUMERIC_STD.TO_INTEGER: metavalue detected, returning 0
../../src/ieee2008/numeric_std-body.vhdl:3062:7:@0ms:(assertion warning): NUMERIC_STD.TO_INTEGER: metavalue detected, returning 0
../../src/ieee2008/numeric_std-body.vhdl:3062:7:@0ms:(assertion warning): NUMERIC_STD.TO_INTEGER: metavalue detected, returning 0
../../src/ieee2008/numeric_std-body.vhdl:3062:7:@0ms:(assertion warning): NUMERIC_STD.TO_INTEGER: metavalue detected, returning 0
../../src/ieee2008/numeric_std-body.vhdl:3117:7:@225ns:(assertion warning): NUMERIC_STD.TO_SIGNED: vector truncated
../../src/ieee2008/numeric_std-body.vhdl:3117:7:@235ns:(assertion warning): NUMERIC_STD.TO_SIGNED: vector truncated
../../src/ieee2008/numeric_std-body.vhdl:3117:7:@245ns:(assertion warning): NUMERIC_STD.TO_SIGNED: vector truncated
../../src/ieee2008/numeric_std-body.vhdl:3117:7:@245ns:(assertion warning): NUMERIC_STD.TO_SIGNED: vector truncated
../../src/ieee2008/numeric_std-body.vhdl:3117:7:@255ns:(assertion warning): NUMERIC_STD.TO_SIGNED: vector truncated
../../src/ieee2008/numeric_std-body.vhdl:3117:7:@255ns:(assertion warning): NUMERIC_STD.TO_SIGNED: vector truncated
../../src/ieee2008/numeric_std-body.vhdl:3117:7:@265ns:(assertion warning): NUMERIC_STD.TO_SIGNED: vector truncated
../../src/ieee2008/numeric_std-body.vhdl:3117:7:@265ns:(assertion warning): NUMERIC_STD.TO_SIGNED: vector truncated
../../src/ieee2008/numeric_std-body.vhdl:3117:7:@275ns:(assertion warning): NUMERIC_STD.TO_SIGNED: vector truncated
../../src/ieee2008/numeric_std-body.vhdl:3117:7:@275ns:(assertion warning): NUMERIC_STD.TO_SIGNED: vector truncated
simulation stopped @3355ns with status 0
</system-out></testcase><testcase classname="casper_adder_lib.common_add_sub_tb" name="direc = BOTH, add_sub = 0, i_pipe = 0, o_pipe = 5, in_dat_w = 5, out_dat_w = 5" time="0.3"><system-out>../../src/ieee2008/numeric_std-body.vhdl:3062:7:@0ms:(assertion warning): NUMERIC_STD.TO_INTEGER: metavalue detected, returning 0
../../src/ieee2008/numeric_std-body.vhdl:3062:7:@0ms:(assertion warning): NUMERIC_STD.TO_INTEGER: metavalue detected, returning 0
../../src/ieee2008/numeric_std-body.vhdl:3062:7:@0ms:(assertion warning): NUMERIC_STD.TO_INTEGER: metavalue detected, returning 0
../../src/ieee2008/numeric_std-body.vhdl:3062:7:@0ms:(assertion warning): NUMERIC_STD.TO_INTEGER: metavalue detected, returning 0
simulation stopped @11035ns with status 0
</system-out></testcase><testcase classname="casper_adder_lib.common_add_sub_tb" name="direc = BOTH, add_sub = 0, i_pipe = 0, o_pipe = 5, in_dat_w = 5, out_dat_w = 6" time="0.3"><system-out>../../src/ieee2008/numeric_std-body.vhdl:3062:7:@0ms:(assertion warning): NUMERIC_STD.TO_INTEGER: metavalue detected, returning 0
../../src/ieee2008/numeric_std-body.vhdl:3062:7:@0ms:(assertion warning): NUMERIC_STD.TO_INTEGER: metavalue detected, returning 0
../../src/ieee2008/numeric_std-body.vhdl:3062:7:@0ms:(assertion warning): NUMERIC_STD.TO_INTEGER: metavalue detected, returning 0
../../src/ieee2008/numeric_std-body.vhdl:3062:7:@0ms:(assertion warning): NUMERIC_STD.TO_INTEGER: metavalue detected, returning 0
simulation stopped @11035ns with status 0
</system-out></testcase><testcase classname="casper_adder_lib.common_add_sub_tb" name="direc = BOTH, add_sub = 0, i_pipe = 0, o_pipe = 5, in_dat_w = 6, out_dat_w = 6" time="0.4"><system-out>../../src/ieee2008/numeric_std-body.vhdl:3062:7:@0ms:(assertion warning): NUMERIC_STD.TO_INTEGER: metavalue detected, returning 0
../../src/ieee2008/numeric_std-body.vhdl:3062:7:@0ms:(assertion warning): NUMERIC_STD.TO_INTEGER: metavalue detected, returning 0
../../src/ieee2008/numeric_std-body.vhdl:3062:7:@0ms:(assertion warning): NUMERIC_STD.TO_INTEGER: metavalue detected, returning 0
../../src/ieee2008/numeric_std-body.vhdl:3062:7:@0ms:(assertion warning): NUMERIC_STD.TO_INTEGER: metavalue detected, returning 0
simulation stopped @41755ns with status 0
</system-out></testcase><testcase classname="casper_adder_lib.common_add_sub_tb" name="direc = BOTH, add_sub = 0, i_pipe = 0, o_pipe = 5, in_dat_w = 6, out_dat_w = 7" time="0.4"><system-out>../../src/ieee2008/numeric_std-body.vhdl:3062:7:@0ms:(assertion warning): NUMERIC_STD.TO_INTEGER: metavalue detected, returning 0
../../src/ieee2008/numeric_std-body.vhdl:3062:7:@0ms:(assertion warning): NUMERIC_STD.TO_INTEGER: metavalue detected, returning 0
../../src/ieee2008/numeric_std-body.vhdl:3062:7:@0ms:(assertion warning): NUMERIC_STD.TO_INTEGER: metavalue detected, returning 0
../../src/ieee2008/numeric_std-body.vhdl:3062:7:@0ms:(assertion warning): NUMERIC_STD.TO_INTEGER: metavalue detected, returning 0
simulation stopped @41755ns with status 0
</system-out></testcase><testcase classname="casper_adder_lib.common_add_sub_tb" name="direc = BOTH, add_sub = 0, i_pipe = 0, o_pipe = 5, in_dat_w = 7, out_dat_w = 7" time="0.5"><system-out>../../src/ieee2008/numeric_std-body.vhdl:3062:7:@0ms:(assertion warning): NUMERIC_STD.TO_INTEGER: metavalue detected, returning 0
../../src/ieee2008/numeric_std-body.vhdl:3062:7:@0ms:(assertion warning): NUMERIC_STD.TO_INTEGER: metavalue detected, returning 0
../../src/ieee2008/numeric_std-body.vhdl:3062:7:@0ms:(assertion warning): NUMERIC_STD.TO_INTEGER: metavalue detected, returning 0
../../src/ieee2008/numeric_std-body.vhdl:3062:7:@0ms:(assertion warning): NUMERIC_STD.TO_INTEGER: metavalue detected, returning 0
simulation stopped @164635ns with status 0
</system-out></testcase><testcase classname="casper_adder_lib.common_add_sub_tb" name="direc = BOTH, add_sub = 0, i_pipe = 0, o_pipe = 5, in_dat_w = 7, out_dat_w = 8" time="0.5"><system-out>../../src/ieee2008/numeric_std-body.vhdl:3062:7:@0ms:(assertion warning): NUMERIC_STD.TO_INTEGER: metavalue detected, returning 0
../../src/ieee2008/numeric_std-body.vhdl:3062:7:@0ms:(assertion warning): NUMERIC_STD.TO_INTEGER: metavalue detected, returning 0
../../src/ieee2008/numeric_std-body.vhdl:3062:7:@0ms:(assertion warning): NUMERIC_STD.TO_INTEGER: metavalue detected, returning 0
../../src/ieee2008/numeric_std-body.vhdl:3062:7:@0ms:(assertion warning): NUMERIC_STD.TO_INTEGER: metavalue detected, returning 0
simulation stopped @164635ns with status 0
</system-out></testcase><testcase classname="casper_adder_lib.common_add_sub_tb" name="direc = BOTH, add_sub = 0, i_pipe = 0, o_pipe = 5, in_dat_w = 8, out_dat_w = 8" time="0.9"><system-out>../../src/ieee2008/numeric_std-body.vhdl:3062:7:@0ms:(assertion warning): NUMERIC_STD.TO_INTEGER: metavalue detected, returning 0
../../src/ieee2008/numeric_std-body.vhdl:3062:7:@0ms:(assertion warning): NUMERIC_STD.TO_INTEGER: metavalue detected, returning 0
../../src/ieee2008/numeric_std-body.vhdl:3062:7:@0ms:(assertion warning): NUMERIC_STD.TO_INTEGER: metavalue detected, returning 0
../../src/ieee2008/numeric_std-body.vhdl:3062:7:@0ms:(assertion warning): NUMERIC_STD.TO_INTEGER: metavalue detected, returning 0
simulation stopped @656155ns with status 0
</system-out></testcase><testcase classname="casper_adder_lib.common_add_sub_tb" name="direc = BOTH, add_sub = 0, i_pipe = 0, o_pipe = 5, in_dat_w = 8, out_dat_w = 9" time="0.9"><system-out>../../src/ieee2008/numeric_std-body.vhdl:3062:7:@0ms:(assertion warning): NUMERIC_STD.TO_INTEGER: metavalue detected, returning 0
../../src/ieee2008/numeric_std-body.vhdl:3062:7:@0ms:(assertion warning): NUMERIC_STD.TO_INTEGER: metavalue detected, returning 0
../../src/ieee2008/numeric_std-body.vhdl:3062:7:@0ms:(assertion warning): NUMERIC_STD.TO_INTEGER: metavalue detected, returning 0
../../src/ieee2008/numeric_std-body.vhdl:3062:7:@0ms:(assertion warning): NUMERIC_STD.TO_INTEGER: metavalue detected, returning 0
simulation stopped @656155ns with status 0
</system-out></testcase><testcase classname="casper_adder_lib.common_add_sub_tb" name="direc = BOTH, add_sub = 0, i_pipe = 1, o_pipe = 5, in_dat_w = 4, out_dat_w = 4" time="0.3"><system-out>../../src/ieee2008/numeric_std-body.vhdl:3062:7:@0ms:(assertion warning): NUMERIC_STD.TO_INTEGER: metavalue detected, returning 0
../../src/ieee2008/numeric_std-body.vhdl:3062:7:@0ms:(assertion warning): NUMERIC_STD.TO_INTEGER: metavalue detected, returning 0
../../src/ieee2008/numeric_std-body.vhdl:3062:7:@0ms:(assertion warning): NUMERIC_STD.TO_INTEGER: metavalue detected, returning 0
../../src/ieee2008/numeric_std-body.vhdl:3062:7:@0ms:(assertion warning): NUMERIC_STD.TO_INTEGER: metavalue detected, returning 0
../../src/ieee2008/numeric_std-body.vhdl:3117:7:@225ns:(assertion warning): NUMERIC_STD.TO_SIGNED: vector truncated
../../src/ieee2008/numeric_std-body.vhdl:3117:7:@235ns:(assertion warning): NUMERIC_STD.TO_SIGNED: vector truncated
../../src/ieee2008/numeric_std-body.vhdl:3117:7:@245ns:(assertion warning): NUMERIC_STD.TO_SIGNED: vector truncated
../../src/ieee2008/numeric_std-body.vhdl:3117:7:@245ns:(assertion warning): NUMERIC_STD.TO_SIGNED: vector truncated
../../src/ieee2008/numeric_std-body.vhdl:3117:7:@255ns:(assertion warning): NUMERIC_STD.TO_SIGNED: vector truncated
../../src/ieee2008/numeric_std-body.vhdl:3117:7:@255ns:(assertion warning): NUMERIC_STD.TO_SIGNED: vector truncated
../../src/ieee2008/numeric_std-body.vhdl:3117:7:@265ns:(assertion warning): NUMERIC_STD.TO_SIGNED: vector truncated
../../src/ieee2008/numeric_std-body.vhdl:3117:7:@265ns:(assertion warning): NUMERIC_STD.TO_SIGNED: vector truncated
../../src/ieee2008/numeric_std-body.vhdl:3117:7:@275ns:(assertion warning): NUMERIC_STD.TO_SIGNED: vector truncated
../../src/ieee2008/numeric_std-body.vhdl:3117:7:@275ns:(assertion warning): NUMERIC_STD.TO_SIGNED: vector truncated
simulation stopped @3355ns with status 0
</system-out></testcase><testcase classname="casper_adder_lib.common_add_sub_tb" name="direc = BOTH, add_sub = 0, i_pipe = 1, o_pipe = 5, in_dat_w = 4, out_dat_w = 5" time="0.3"><system-out>../../src/ieee2008/numeric_std-body.vhdl:3062:7:@0ms:(assertion warning): NUMERIC_STD.TO_INTEGER: metavalue detected, returning 0
../../src/ieee2008/numeric_std-body.vhdl:3062:7:@0ms:(assertion warning): NUMERIC_STD.TO_INTEGER: metavalue detected, returning 0
../../src/ieee2008/numeric_std-body.vhdl:3062:7:@0ms:(assertion warning): NUMERIC_STD.TO_INTEGER: metavalue detected, returning 0
../../src/ieee2008/numeric_std-body.vhdl:3062:7:@0ms:(assertion warning): NUMERIC_STD.TO_INTEGER: metavalue detected, returning 0
../../src/ieee2008/numeric_std-body.vhdl:3117:7:@225ns:(assertion warning): NUMERIC_STD.TO_SIGNED: vector truncated
../../src/ieee2008/numeric_std-body.vhdl:3117:7:@235ns:(assertion warning): NUMERIC_STD.TO_SIGNED: vector truncated
../../src/ieee2008/numeric_std-body.vhdl:3117:7:@245ns:(assertion warning): NUMERIC_STD.TO_SIGNED: vector truncated
../../src/ieee2008/numeric_std-body.vhdl:3117:7:@245ns:(assertion warning): NUMERIC_STD.TO_SIGNED: vector truncated
../../src/ieee2008/numeric_std-body.vhdl:3117:7:@255ns:(assertion warning): NUMERIC_STD.TO_SIGNED: vector truncated
../../src/ieee2008/numeric_std-body.vhdl:3117:7:@255ns:(assertion warning): NUMERIC_STD.TO_SIGNED: vector truncated
../../src/ieee2008/numeric_std-body.vhdl:3117:7:@265ns:(assertion warning): NUMERIC_STD.TO_SIGNED: vector truncated
../../src/ieee2008/numeric_std-body.vhdl:3117:7:@265ns:(assertion warning): NUMERIC_STD.TO_SIGNED: vector truncated
../../src/ieee2008/numeric_std-body.vhdl:3117:7:@275ns:(assertion warning): NUMERIC_STD.TO_SIGNED: vector truncated
../../src/ieee2008/numeric_std-body.vhdl:3117:7:@275ns:(assertion warning): NUMERIC_STD.TO_SIGNED: vector truncated
simulation stopped @3355ns with status 0
</system-out></testcase><testcase classname="casper_adder_lib.common_add_sub_tb" name="direc = BOTH, add_sub = 0, i_pipe = 1, o_pipe = 5, in_dat_w = 5, out_dat_w = 5" time="0.3"><system-out>../../src/ieee2008/numeric_std-body.vhdl:3062:7:@0ms:(assertion warning): NUMERIC_STD.TO_INTEGER: metavalue detected, returning 0
../../src/ieee2008/numeric_std-body.vhdl:3062:7:@0ms:(assertion warning): NUMERIC_STD.TO_INTEGER: metavalue detected, returning 0
../../src/ieee2008/numeric_std-body.vhdl:3062:7:@0ms:(assertion warning): NUMERIC_STD.TO_INTEGER: metavalue detected, returning 0
../../src/ieee2008/numeric_std-body.vhdl:3062:7:@0ms:(assertion warning): NUMERIC_STD.TO_INTEGER: metavalue detected, returning 0
simulation stopped @11035ns with status 0
</system-out></testcase><testcase classname="casper_adder_lib.common_add_sub_tb" name="direc = BOTH, add_sub = 0, i_pipe = 1, o_pipe = 5, in_dat_w = 5, out_dat_w = 6" time="0.3"><system-out>../../src/ieee2008/numeric_std-body.vhdl:3062:7:@0ms:(assertion warning): NUMERIC_STD.TO_INTEGER: metavalue detected, returning 0
../../src/ieee2008/numeric_std-body.vhdl:3062:7:@0ms:(assertion warning): NUMERIC_STD.TO_INTEGER: metavalue detected, returning 0
../../src/ieee2008/numeric_std-body.vhdl:3062:7:@0ms:(assertion warning): NUMERIC_STD.TO_INTEGER: metavalue detected, returning 0
../../src/ieee2008/numeric_std-body.vhdl:3062:7:@0ms:(assertion warning): NUMERIC_STD.TO_INTEGER: metavalue detected, returning 0
simulation stopped @11035ns with status 0
</system-out></testcase><testcase classname="casper_adder_lib.common_add_sub_tb" name="direc = BOTH, add_sub = 0, i_pipe = 1, o_pipe = 5, in_dat_w = 6, out_dat_w = 6" time="0.4"><system-out>../../src/ieee2008/numeric_std-body.vhdl:3062:7:@0ms:(assertion warning): NUMERIC_STD.TO_INTEGER: metavalue detected, returning 0
../../src/ieee2008/numeric_std-body.vhdl:3062:7:@0ms:(assertion warning): NUMERIC_STD.TO_INTEGER: metavalue detected, returning 0
../../src/ieee2008/numeric_std-body.vhdl:3062:7:@0ms:(assertion warning): NUMERIC_STD.TO_INTEGER: metavalue detected, returning 0
../../src/ieee2008/numeric_std-body.vhdl:3062:7:@0ms:(assertion warning): NUMERIC_STD.TO_INTEGER: metavalue detected, returning 0
simulation stopped @41755ns with status 0
</system-out></testcase><testcase classname="casper_adder_lib.common_add_sub_tb" name="direc = BOTH, add_sub = 0, i_pipe = 1, o_pipe = 5, in_dat_w = 6, out_dat_w = 7" time="0.3"><system-out>../../src/ieee2008/numeric_std-body.vhdl:3062:7:@0ms:(assertion warning): NUMERIC_STD.TO_INTEGER: metavalue detected, returning 0
../../src/ieee2008/numeric_std-body.vhdl:3062:7:@0ms:(assertion warning): NUMERIC_STD.TO_INTEGER: metavalue detected, returning 0
../../src/ieee2008/numeric_std-body.vhdl:3062:7:@0ms:(assertion warning): NUMERIC_STD.TO_INTEGER: metavalue detected, returning 0
../../src/ieee2008/numeric_std-body.vhdl:3062:7:@0ms:(assertion warning): NUMERIC_STD.TO_INTEGER: metavalue detected, returning 0
simulation stopped @41755ns with status 0
</system-out></testcase><testcase classname="casper_adder_lib.common_add_sub_tb" name="direc = BOTH, add_sub = 0, i_pipe = 1, o_pipe = 5, in_dat_w = 7, out_dat_w = 7" time="0.5"><system-out>../../src/ieee2008/numeric_std-body.vhdl:3062:7:@0ms:(assertion warning): NUMERIC_STD.TO_INTEGER: metavalue detected, returning 0
../../src/ieee2008/numeric_std-body.vhdl:3062:7:@0ms:(assertion warning): NUMERIC_STD.TO_INTEGER: metavalue detected, returning 0
../../src/ieee2008/numeric_std-body.vhdl:3062:7:@0ms:(assertion warning): NUMERIC_STD.TO_INTEGER: metavalue detected, returning 0
../../src/ieee2008/numeric_std-body.vhdl:3062:7:@0ms:(assertion warning): NUMERIC_STD.TO_INTEGER: metavalue detected, returning 0
simulation stopped @164635ns with status 0
</system-out></testcase><testcase classname="casper_adder_lib.common_add_sub_tb" name="direc = BOTH, add_sub = 0, i_pipe = 1, o_pipe = 5, in_dat_w = 7, out_dat_w = 8" time="0.5"><system-out>../../src/ieee2008/numeric_std-body.vhdl:3062:7:@0ms:(assertion warning): NUMERIC_STD.TO_INTEGER: metavalue detected, returning 0
../../src/ieee2008/numeric_std-body.vhdl:3062:7:@0ms:(assertion warning): NUMERIC_STD.TO_INTEGER: metavalue detected, returning 0
../../src/ieee2008/numeric_std-body.vhdl:3062:7:@0ms:(assertion warning): NUMERIC_STD.TO_INTEGER: metavalue detected, returning 0
../../src/ieee2008/numeric_std-body.vhdl:3062:7:@0ms:(assertion warning): NUMERIC_STD.TO_INTEGER: metavalue detected, returning 0
simulation stopped @164635ns with status 0
</system-out></testcase><testcase classname="casper_adder_lib.common_add_sub_tb" name="direc = BOTH, add_sub = 0, i_pipe = 1, o_pipe = 5, in_dat_w = 8, out_dat_w = 8" time="0.9"><system-out>../../src/ieee2008/numeric_std-body.vhdl:3062:7:@0ms:(assertion warning): NUMERIC_STD.TO_INTEGER: metavalue detected, returning 0
../../src/ieee2008/numeric_std-body.vhdl:3062:7:@0ms:(assertion warning): NUMERIC_STD.TO_INTEGER: metavalue detected, returning 0
../../src/ieee2008/numeric_std-body.vhdl:3062:7:@0ms:(assertion warning): NUMERIC_STD.TO_INTEGER: metavalue detected, returning 0
../../src/ieee2008/numeric_std-body.vhdl:3062:7:@0ms:(assertion warning): NUMERIC_STD.TO_INTEGER: metavalue detected, returning 0
simulation stopped @656155ns with status 0
</system-out></testcase><testcase classname="casper_adder_lib.common_add_sub_tb" name="direc = BOTH, add_sub = 0, i_pipe = 1, o_pipe = 5, in_dat_w = 8, out_dat_w = 9" time="0.9"><system-out>../../src/ieee2008/numeric_std-body.vhdl:3062:7:@0ms:(assertion warning): NUMERIC_STD.TO_INTEGER: metavalue detected, returning 0
../../src/ieee2008/numeric_std-body.vhdl:3062:7:@0ms:(assertion warning): NUMERIC_STD.TO_INTEGER: metavalue detected, returning 0
../../src/ieee2008/numeric_std-body.vhdl:3062:7:@0ms:(assertion warning): NUMERIC_STD.TO_INTEGER: metavalue detected, returning 0
../../src/ieee2008/numeric_std-body.vhdl:3062:7:@0ms:(assertion warning): NUMERIC_STD.TO_INTEGER: metavalue detected, returning 0
simulation stopped @656155ns with status 0
</system-out></testcase></testsuite>