<testsuite errors="0" failures="0" hostname="talonpc" name="testsuite" skipped="0" tests="4"><testcase classname="r2sdf_fft_lib.tb_rtwosdf" name="In enable = 1, Use noise file = True, number of points = 1024, use reorder = True,in data width = 8,out data width = 14, guard bit width = 2" time="0.6"><system-out>/home/talon/Documents/CASPERWORK/casper_dspdevel/casper_multiplier/tech_complex_mult.vhd:89:16:warning: instance "u0" of component "ip_cmult_infer" is not bound [-Wbinding]
/home/talon/Documents/CASPERWORK/casper_dspdevel/casper_multiplier/tech_complex_mult.vhd:58:14:warning: (in default configuration of tech_complex_mult(str))
/home/talon/Documents/CASPERWORK/casper_dspdevel/casper_multiplier/tech_complex_mult.vhd:113:16:warning: instance "u1" of component "ip_cmult_rtl" is not bound [-Wbinding]
/home/talon/Documents/CASPERWORK/casper_dspdevel/casper_multiplier/tech_complex_mult.vhd:58:14:warning: (in default configuration of tech_complex_mult(str))
/home/talon/Documents/CASPERWORK/casper_dspdevel/casper_ram/tech_memory_ram_crw_crw.vhd:94:16:warning: instance "u1" of component "ip_tdp_ram_infer" is not bound [-Wbinding]
/home/talon/Documents/CASPERWORK/casper_dspdevel/casper_ram/tech_memory_ram_crw_crw.vhd:60:14:warning: (in default configuration of tech_memory_ram_crw_crw(str))
/home/talon/Documents/CASPERWORK/casper_dspdevel/casper_ram/tech_memory_ram_cr_cw.vhd:82:16:warning: instance "u2" of component "ip_sdp_ram_infer" is not bound [-Wbinding]
/home/talon/Documents/CASPERWORK/casper_dspdevel/casper_ram/tech_memory_ram_cr_cw.vhd:56:14:warning: (in default configuration of tech_memory_ram_cr_cw(str))
../../src/ieee2008/numeric_std-body.vhdl:1195:7:@0ms:(assertion warning): NUMERIC_STD."&gt;": metavalue detected, returning FALSE
../../src/ieee2008/numeric_std-body.vhdl:1347:7:@0ms:(assertion warning): NUMERIC_STD."&lt;": metavalue detected, returning FALSE
../../src/ieee2008/numeric_std-body.vhdl:1195:7:@0ms:(assertion warning): NUMERIC_STD."&gt;": metavalue detected, returning FALSE
../../src/ieee2008/numeric_std-body.vhdl:1347:7:@0ms:(assertion warning): NUMERIC_STD."&lt;": metavalue detected, returning FALSE
../../src/ieee2008/numeric_std-body.vhdl:3036:7:@0ms:(assertion warning): NUMERIC_STD.TO_INTEGER: metavalue detected, returning 0
../../src/ieee2008/numeric_std-body.vhdl:1195:7:@0ms:(assertion warning): NUMERIC_STD."&gt;": metavalue detected, returning FALSE
../../src/ieee2008/numeric_std-body.vhdl:1347:7:@0ms:(assertion warning): NUMERIC_STD."&lt;": metavalue detected, returning FALSE
../../src/ieee2008/numeric_std-body.vhdl:1195:7:@0ms:(assertion warning): NUMERIC_STD."&gt;": metavalue detected, returning FALSE
../../src/ieee2008/numeric_std-body.vhdl:1347:7:@0ms:(assertion warning): NUMERIC_STD."&lt;": metavalue detected, returning FALSE
../../src/ieee2008/numeric_std-body.vhdl:3036:7:@0ms:(assertion warning): NUMERIC_STD.TO_INTEGER: metavalue detected, returning 0
../../src/ieee2008/numeric_std-body.vhdl:1195:7:@0ms:(assertion warning): NUMERIC_STD."&gt;": metavalue detected, returning FALSE
../../src/ieee2008/numeric_std-body.vhdl:1347:7:@0ms:(assertion warning): NUMERIC_STD."&lt;": metavalue detected, returning FALSE
../../src/ieee2008/numeric_std-body.vhdl:1195:7:@0ms:(assertion warning): NUMERIC_STD."&gt;": metavalue detected, returning FALSE
../../src/ieee2008/numeric_std-body.vhdl:1347:7:@0ms:(assertion warning): NUMERIC_STD."&lt;": metavalue detected, returning FALSE
../../src/ieee2008/numeric_std-body.vhdl:3036:7:@0ms:(assertion warning): NUMERIC_STD.TO_INTEGER: metavalue detected, returning 0
../../src/ieee2008/numeric_std-body.vhdl:1195:7:@0ms:(assertion warning): NUMERIC_STD."&gt;": metavalue detected, returning FALSE
../../src/ieee2008/numeric_std-body.vhdl:1347:7:@0ms:(assertion warning): NUMERIC_STD."&lt;": metavalue detected, returning FALSE
../../src/ieee2008/numeric_std-body.vhdl:1195:7:@0ms:(assertion warning): NUMERIC_STD."&gt;": metavalue detected, returning FALSE
../../src/ieee2008/numeric_std-body.vhdl:1347:7:@0ms:(assertion warning): NUMERIC_STD."&lt;": metavalue detected, returning FALSE
../../src/ieee2008/numeric_std-body.vhdl:3036:7:@0ms:(assertion warning): NUMERIC_STD.TO_INTEGER: metavalue detected, returning 0
../../src/ieee2008/numeric_std-body.vhdl:1195:7:@0ms:(assertion warning): NUMERIC_STD."&gt;": metavalue detected, returning FALSE
../../src/ieee2008/numeric_std-body.vhdl:1347:7:@0ms:(assertion warning): NUMERIC_STD."&lt;": metavalue detected, returning FALSE
../../src/ieee2008/numeric_std-body.vhdl:1195:7:@0ms:(assertion warning): NUMERIC_STD."&gt;": metavalue detected, returning FALSE
../../src/ieee2008/numeric_std-body.vhdl:1347:7:@0ms:(assertion warning): NUMERIC_STD."&lt;": metavalue detected, returning FALSE
../../src/ieee2008/numeric_std-body.vhdl:3036:7:@0ms:(assertion warning): NUMERIC_STD.TO_INTEGER: metavalue detected, returning 0
../../src/ieee2008/numeric_std-body.vhdl:1195:7:@0ms:(assertion warning): NUMERIC_STD."&gt;": metavalue detected, returning FALSE
../../src/ieee2008/numeric_std-body.vhdl:1347:7:@0ms:(assertion warning): NUMERIC_STD."&lt;": metavalue detected, returning FALSE
../../src/ieee2008/numeric_std-body.vhdl:1195:7:@0ms:(assertion warning): NUMERIC_STD."&gt;": metavalue detected, returning FALSE
../../src/ieee2008/numeric_std-body.vhdl:1347:7:@0ms:(assertion warning): NUMERIC_STD."&lt;": metavalue detected, returning FALSE
../../src/ieee2008/numeric_std-body.vhdl:3036:7:@0ms:(assertion warning): NUMERIC_STD.TO_INTEGER: metavalue detected, returning 0
../../src/ieee2008/numeric_std-body.vhdl:1195:7:@0ms:(assertion warning): NUMERIC_STD."&gt;": metavalue detected, returning FALSE
../../src/ieee2008/numeric_std-body.vhdl:1347:7:@0ms:(assertion warning): NUMERIC_STD."&lt;": metavalue detected, returning FALSE
../../src/ieee2008/numeric_std-body.vhdl:1195:7:@0ms:(assertion warning): NUMERIC_STD."&gt;": metavalue detected, returning FALSE
../../src/ieee2008/numeric_std-body.vhdl:1347:7:@0ms:(assertion warning): NUMERIC_STD."&lt;": metavalue detected, returning FALSE
../../src/ieee2008/numeric_std-body.vhdl:3036:7:@0ms:(assertion warning): NUMERIC_STD.TO_INTEGER: metavalue detected, returning 0
../../src/ieee2008/numeric_std-body.vhdl:1195:7:@0ms:(assertion warning): NUMERIC_STD."&gt;": metavalue detected, returning FALSE
../../src/ieee2008/numeric_std-body.vhdl:1347:7:@0ms:(assertion warning): NUMERIC_STD."&lt;": metavalue detected, returning FALSE
../../src/ieee2008/numeric_std-body.vhdl:1195:7:@0ms:(assertion warning): NUMERIC_STD."&gt;": metavalue detected, returning FALSE
../../src/ieee2008/numeric_std-body.vhdl:1347:7:@0ms:(assertion warning): NUMERIC_STD."&lt;": metavalue detected, returning FALSE
../../src/ieee2008/numeric_std-body.vhdl:3036:7:@0ms:(assertion warning): NUMERIC_STD.TO_INTEGER: metavalue detected, returning 0
../../src/ieee2008/numeric_std-body.vhdl:1195:7:@0ms:(assertion warning): NUMERIC_STD."&gt;": metavalue detected, returning FALSE
../../src/ieee2008/numeric_std-body.vhdl:1347:7:@0ms:(assertion warning): NUMERIC_STD."&lt;": metavalue detected, returning FALSE
../../src/ieee2008/numeric_std-body.vhdl:1195:7:@0ms:(assertion warning): NUMERIC_STD."&gt;": metavalue detected, returning FALSE
../../src/ieee2008/numeric_std-body.vhdl:1347:7:@0ms:(assertion warning): NUMERIC_STD."&lt;": metavalue detected, returning FALSE
../../src/ieee2008/numeric_std-body.vhdl:3036:7:@0ms:(assertion warning): NUMERIC_STD.TO_INTEGER: metavalue detected, returning 0
../../src/ieee2008/numeric_std-body.vhdl:1195:7:@0ms:(assertion warning): NUMERIC_STD."&gt;": metavalue detected, returning FALSE
../../src/ieee2008/numeric_std-body.vhdl:1347:7:@0ms:(assertion warning): NUMERIC_STD."&lt;": metavalue detected, returning FALSE
../../src/ieee2008/numeric_std-body.vhdl:1195:7:@0ms:(assertion warning): NUMERIC_STD."&gt;": metavalue detected, returning FALSE
../../src/ieee2008/numeric_std-body.vhdl:1347:7:@0ms:(assertion warning): NUMERIC_STD."&lt;": metavalue detected, returning FALSE
../../src/ieee2008/numeric_std-body.vhdl:1873:7:@0ms:(assertion warning): NUMERIC_STD."=": metavalue detected, returning FALSE
../../src/ieee2008/numeric_std-body.vhdl:1195:7:@0ms:(assertion warning): NUMERIC_STD."&gt;": metavalue detected, returning FALSE
../../src/ieee2008/numeric_std-body.vhdl:1347:7:@0ms:(assertion warning): NUMERIC_STD."&lt;": metavalue detected, returning FALSE
../../src/ieee2008/numeric_std-body.vhdl:1195:7:@0ms:(assertion warning): NUMERIC_STD."&gt;": metavalue detected, returning FALSE
../../src/ieee2008/numeric_std-body.vhdl:1347:7:@0ms:(assertion warning): NUMERIC_STD."&lt;": metavalue detected, returning FALSE
simulation stopped @0ms with status 0
</system-out></testcase><testcase classname="r2sdf_fft_lib.tb_rtwosdf" name="In enable = 1, Use noise file = True, number of points = 1024, use reorder = False,in data width = 8,out data width = 14, guard bit width = 2" time="0.5"><system-out>/home/talon/Documents/CASPERWORK/casper_dspdevel/casper_multiplier/tech_complex_mult.vhd:89:16:warning: instance "u0" of component "ip_cmult_infer" is not bound [-Wbinding]
/home/talon/Documents/CASPERWORK/casper_dspdevel/casper_multiplier/tech_complex_mult.vhd:58:14:warning: (in default configuration of tech_complex_mult(str))
/home/talon/Documents/CASPERWORK/casper_dspdevel/casper_multiplier/tech_complex_mult.vhd:113:16:warning: instance "u1" of component "ip_cmult_rtl" is not bound [-Wbinding]
/home/talon/Documents/CASPERWORK/casper_dspdevel/casper_multiplier/tech_complex_mult.vhd:58:14:warning: (in default configuration of tech_complex_mult(str))
/home/talon/Documents/CASPERWORK/casper_dspdevel/casper_ram/tech_memory_ram_crw_crw.vhd:94:16:warning: instance "u1" of component "ip_tdp_ram_infer" is not bound [-Wbinding]
/home/talon/Documents/CASPERWORK/casper_dspdevel/casper_ram/tech_memory_ram_crw_crw.vhd:60:14:warning: (in default configuration of tech_memory_ram_crw_crw(str))
/home/talon/Documents/CASPERWORK/casper_dspdevel/casper_ram/tech_memory_ram_cr_cw.vhd:82:16:warning: instance "u2" of component "ip_sdp_ram_infer" is not bound [-Wbinding]
/home/talon/Documents/CASPERWORK/casper_dspdevel/casper_ram/tech_memory_ram_cr_cw.vhd:56:14:warning: (in default configuration of tech_memory_ram_cr_cw(str))
../../src/ieee2008/numeric_std-body.vhdl:1195:7:@0ms:(assertion warning): NUMERIC_STD."&gt;": metavalue detected, returning FALSE
../../src/ieee2008/numeric_std-body.vhdl:1347:7:@0ms:(assertion warning): NUMERIC_STD."&lt;": metavalue detected, returning FALSE
../../src/ieee2008/numeric_std-body.vhdl:1195:7:@0ms:(assertion warning): NUMERIC_STD."&gt;": metavalue detected, returning FALSE
../../src/ieee2008/numeric_std-body.vhdl:1347:7:@0ms:(assertion warning): NUMERIC_STD."&lt;": metavalue detected, returning FALSE
../../src/ieee2008/numeric_std-body.vhdl:3036:7:@0ms:(assertion warning): NUMERIC_STD.TO_INTEGER: metavalue detected, returning 0
../../src/ieee2008/numeric_std-body.vhdl:1195:7:@0ms:(assertion warning): NUMERIC_STD."&gt;": metavalue detected, returning FALSE
../../src/ieee2008/numeric_std-body.vhdl:1347:7:@0ms:(assertion warning): NUMERIC_STD."&lt;": metavalue detected, returning FALSE
../../src/ieee2008/numeric_std-body.vhdl:1195:7:@0ms:(assertion warning): NUMERIC_STD."&gt;": metavalue detected, returning FALSE
../../src/ieee2008/numeric_std-body.vhdl:1347:7:@0ms:(assertion warning): NUMERIC_STD."&lt;": metavalue detected, returning FALSE
../../src/ieee2008/numeric_std-body.vhdl:3036:7:@0ms:(assertion warning): NUMERIC_STD.TO_INTEGER: metavalue detected, returning 0
../../src/ieee2008/numeric_std-body.vhdl:1195:7:@0ms:(assertion warning): NUMERIC_STD."&gt;": metavalue detected, returning FALSE
../../src/ieee2008/numeric_std-body.vhdl:1347:7:@0ms:(assertion warning): NUMERIC_STD."&lt;": metavalue detected, returning FALSE
../../src/ieee2008/numeric_std-body.vhdl:1195:7:@0ms:(assertion warning): NUMERIC_STD."&gt;": metavalue detected, returning FALSE
../../src/ieee2008/numeric_std-body.vhdl:1347:7:@0ms:(assertion warning): NUMERIC_STD."&lt;": metavalue detected, returning FALSE
../../src/ieee2008/numeric_std-body.vhdl:3036:7:@0ms:(assertion warning): NUMERIC_STD.TO_INTEGER: metavalue detected, returning 0
../../src/ieee2008/numeric_std-body.vhdl:1195:7:@0ms:(assertion warning): NUMERIC_STD."&gt;": metavalue detected, returning FALSE
../../src/ieee2008/numeric_std-body.vhdl:1347:7:@0ms:(assertion warning): NUMERIC_STD."&lt;": metavalue detected, returning FALSE
../../src/ieee2008/numeric_std-body.vhdl:1195:7:@0ms:(assertion warning): NUMERIC_STD."&gt;": metavalue detected, returning FALSE
../../src/ieee2008/numeric_std-body.vhdl:1347:7:@0ms:(assertion warning): NUMERIC_STD."&lt;": metavalue detected, returning FALSE
../../src/ieee2008/numeric_std-body.vhdl:3036:7:@0ms:(assertion warning): NUMERIC_STD.TO_INTEGER: metavalue detected, returning 0
../../src/ieee2008/numeric_std-body.vhdl:1195:7:@0ms:(assertion warning): NUMERIC_STD."&gt;": metavalue detected, returning FALSE
../../src/ieee2008/numeric_std-body.vhdl:1347:7:@0ms:(assertion warning): NUMERIC_STD."&lt;": metavalue detected, returning FALSE
../../src/ieee2008/numeric_std-body.vhdl:1195:7:@0ms:(assertion warning): NUMERIC_STD."&gt;": metavalue detected, returning FALSE
../../src/ieee2008/numeric_std-body.vhdl:1347:7:@0ms:(assertion warning): NUMERIC_STD."&lt;": metavalue detected, returning FALSE
../../src/ieee2008/numeric_std-body.vhdl:3036:7:@0ms:(assertion warning): NUMERIC_STD.TO_INTEGER: metavalue detected, returning 0
../../src/ieee2008/numeric_std-body.vhdl:1195:7:@0ms:(assertion warning): NUMERIC_STD."&gt;": metavalue detected, returning FALSE
../../src/ieee2008/numeric_std-body.vhdl:1347:7:@0ms:(assertion warning): NUMERIC_STD."&lt;": metavalue detected, returning FALSE
../../src/ieee2008/numeric_std-body.vhdl:1195:7:@0ms:(assertion warning): NUMERIC_STD."&gt;": metavalue detected, returning FALSE
../../src/ieee2008/numeric_std-body.vhdl:1347:7:@0ms:(assertion warning): NUMERIC_STD."&lt;": metavalue detected, returning FALSE
../../src/ieee2008/numeric_std-body.vhdl:3036:7:@0ms:(assertion warning): NUMERIC_STD.TO_INTEGER: metavalue detected, returning 0
../../src/ieee2008/numeric_std-body.vhdl:1195:7:@0ms:(assertion warning): NUMERIC_STD."&gt;": metavalue detected, returning FALSE
../../src/ieee2008/numeric_std-body.vhdl:1347:7:@0ms:(assertion warning): NUMERIC_STD."&lt;": metavalue detected, returning FALSE
../../src/ieee2008/numeric_std-body.vhdl:1195:7:@0ms:(assertion warning): NUMERIC_STD."&gt;": metavalue detected, returning FALSE
../../src/ieee2008/numeric_std-body.vhdl:1347:7:@0ms:(assertion warning): NUMERIC_STD."&lt;": metavalue detected, returning FALSE
../../src/ieee2008/numeric_std-body.vhdl:3036:7:@0ms:(assertion warning): NUMERIC_STD.TO_INTEGER: metavalue detected, returning 0
../../src/ieee2008/numeric_std-body.vhdl:1195:7:@0ms:(assertion warning): NUMERIC_STD."&gt;": metavalue detected, returning FALSE
../../src/ieee2008/numeric_std-body.vhdl:1347:7:@0ms:(assertion warning): NUMERIC_STD."&lt;": metavalue detected, returning FALSE
../../src/ieee2008/numeric_std-body.vhdl:1195:7:@0ms:(assertion warning): NUMERIC_STD."&gt;": metavalue detected, returning FALSE
../../src/ieee2008/numeric_std-body.vhdl:1347:7:@0ms:(assertion warning): NUMERIC_STD."&lt;": metavalue detected, returning FALSE
../../src/ieee2008/numeric_std-body.vhdl:3036:7:@0ms:(assertion warning): NUMERIC_STD.TO_INTEGER: metavalue detected, returning 0
../../src/ieee2008/numeric_std-body.vhdl:1195:7:@0ms:(assertion warning): NUMERIC_STD."&gt;": metavalue detected, returning FALSE
../../src/ieee2008/numeric_std-body.vhdl:1347:7:@0ms:(assertion warning): NUMERIC_STD."&lt;": metavalue detected, returning FALSE
../../src/ieee2008/numeric_std-body.vhdl:1195:7:@0ms:(assertion warning): NUMERIC_STD."&gt;": metavalue detected, returning FALSE
../../src/ieee2008/numeric_std-body.vhdl:1347:7:@0ms:(assertion warning): NUMERIC_STD."&lt;": metavalue detected, returning FALSE
../../src/ieee2008/numeric_std-body.vhdl:3036:7:@0ms:(assertion warning): NUMERIC_STD.TO_INTEGER: metavalue detected, returning 0
../../src/ieee2008/numeric_std-body.vhdl:1195:7:@0ms:(assertion warning): NUMERIC_STD."&gt;": metavalue detected, returning FALSE
../../src/ieee2008/numeric_std-body.vhdl:1347:7:@0ms:(assertion warning): NUMERIC_STD."&lt;": metavalue detected, returning FALSE
../../src/ieee2008/numeric_std-body.vhdl:1195:7:@0ms:(assertion warning): NUMERIC_STD."&gt;": metavalue detected, returning FALSE
../../src/ieee2008/numeric_std-body.vhdl:1347:7:@0ms:(assertion warning): NUMERIC_STD."&lt;": metavalue detected, returning FALSE
../../src/ieee2008/numeric_std-body.vhdl:1195:7:@0ms:(assertion warning): NUMERIC_STD."&gt;": metavalue detected, returning FALSE
../../src/ieee2008/numeric_std-body.vhdl:1347:7:@0ms:(assertion warning): NUMERIC_STD."&lt;": metavalue detected, returning FALSE
../../src/ieee2008/numeric_std-body.vhdl:1195:7:@0ms:(assertion warning): NUMERIC_STD."&gt;": metavalue detected, returning FALSE
../../src/ieee2008/numeric_std-body.vhdl:1347:7:@0ms:(assertion warning): NUMERIC_STD."&lt;": metavalue detected, returning FALSE
simulation stopped @0ms with status 0
</system-out></testcase><testcase classname="r2sdf_fft_lib.tb_rtwosdf" name="In enable = 0, Use noise file = True, number of points = 1024, use reorder = True,in data width = 8,out data width = 14, guard bit width = 2" time="0.5"><system-out>/home/talon/Documents/CASPERWORK/casper_dspdevel/casper_multiplier/tech_complex_mult.vhd:89:16:warning: instance "u0" of component "ip_cmult_infer" is not bound [-Wbinding]
/home/talon/Documents/CASPERWORK/casper_dspdevel/casper_multiplier/tech_complex_mult.vhd:58:14:warning: (in default configuration of tech_complex_mult(str))
/home/talon/Documents/CASPERWORK/casper_dspdevel/casper_multiplier/tech_complex_mult.vhd:113:16:warning: instance "u1" of component "ip_cmult_rtl" is not bound [-Wbinding]
/home/talon/Documents/CASPERWORK/casper_dspdevel/casper_multiplier/tech_complex_mult.vhd:58:14:warning: (in default configuration of tech_complex_mult(str))
/home/talon/Documents/CASPERWORK/casper_dspdevel/casper_ram/tech_memory_ram_crw_crw.vhd:94:16:warning: instance "u1" of component "ip_tdp_ram_infer" is not bound [-Wbinding]
/home/talon/Documents/CASPERWORK/casper_dspdevel/casper_ram/tech_memory_ram_crw_crw.vhd:60:14:warning: (in default configuration of tech_memory_ram_crw_crw(str))
/home/talon/Documents/CASPERWORK/casper_dspdevel/casper_ram/tech_memory_ram_cr_cw.vhd:82:16:warning: instance "u2" of component "ip_sdp_ram_infer" is not bound [-Wbinding]
/home/talon/Documents/CASPERWORK/casper_dspdevel/casper_ram/tech_memory_ram_cr_cw.vhd:56:14:warning: (in default configuration of tech_memory_ram_cr_cw(str))
../../src/ieee2008/numeric_std-body.vhdl:1195:7:@0ms:(assertion warning): NUMERIC_STD."&gt;": metavalue detected, returning FALSE
../../src/ieee2008/numeric_std-body.vhdl:1347:7:@0ms:(assertion warning): NUMERIC_STD."&lt;": metavalue detected, returning FALSE
../../src/ieee2008/numeric_std-body.vhdl:1195:7:@0ms:(assertion warning): NUMERIC_STD."&gt;": metavalue detected, returning FALSE
../../src/ieee2008/numeric_std-body.vhdl:1347:7:@0ms:(assertion warning): NUMERIC_STD."&lt;": metavalue detected, returning FALSE
../../src/ieee2008/numeric_std-body.vhdl:3036:7:@0ms:(assertion warning): NUMERIC_STD.TO_INTEGER: metavalue detected, returning 0
../../src/ieee2008/numeric_std-body.vhdl:1195:7:@0ms:(assertion warning): NUMERIC_STD."&gt;": metavalue detected, returning FALSE
../../src/ieee2008/numeric_std-body.vhdl:1347:7:@0ms:(assertion warning): NUMERIC_STD."&lt;": metavalue detected, returning FALSE
../../src/ieee2008/numeric_std-body.vhdl:1195:7:@0ms:(assertion warning): NUMERIC_STD."&gt;": metavalue detected, returning FALSE
../../src/ieee2008/numeric_std-body.vhdl:1347:7:@0ms:(assertion warning): NUMERIC_STD."&lt;": metavalue detected, returning FALSE
../../src/ieee2008/numeric_std-body.vhdl:3036:7:@0ms:(assertion warning): NUMERIC_STD.TO_INTEGER: metavalue detected, returning 0
../../src/ieee2008/numeric_std-body.vhdl:1195:7:@0ms:(assertion warning): NUMERIC_STD."&gt;": metavalue detected, returning FALSE
../../src/ieee2008/numeric_std-body.vhdl:1347:7:@0ms:(assertion warning): NUMERIC_STD."&lt;": metavalue detected, returning FALSE
../../src/ieee2008/numeric_std-body.vhdl:1195:7:@0ms:(assertion warning): NUMERIC_STD."&gt;": metavalue detected, returning FALSE
../../src/ieee2008/numeric_std-body.vhdl:1347:7:@0ms:(assertion warning): NUMERIC_STD."&lt;": metavalue detected, returning FALSE
../../src/ieee2008/numeric_std-body.vhdl:3036:7:@0ms:(assertion warning): NUMERIC_STD.TO_INTEGER: metavalue detected, returning 0
../../src/ieee2008/numeric_std-body.vhdl:1195:7:@0ms:(assertion warning): NUMERIC_STD."&gt;": metavalue detected, returning FALSE
../../src/ieee2008/numeric_std-body.vhdl:1347:7:@0ms:(assertion warning): NUMERIC_STD."&lt;": metavalue detected, returning FALSE
../../src/ieee2008/numeric_std-body.vhdl:1195:7:@0ms:(assertion warning): NUMERIC_STD."&gt;": metavalue detected, returning FALSE
../../src/ieee2008/numeric_std-body.vhdl:1347:7:@0ms:(assertion warning): NUMERIC_STD."&lt;": metavalue detected, returning FALSE
../../src/ieee2008/numeric_std-body.vhdl:3036:7:@0ms:(assertion warning): NUMERIC_STD.TO_INTEGER: metavalue detected, returning 0
../../src/ieee2008/numeric_std-body.vhdl:1195:7:@0ms:(assertion warning): NUMERIC_STD."&gt;": metavalue detected, returning FALSE
../../src/ieee2008/numeric_std-body.vhdl:1347:7:@0ms:(assertion warning): NUMERIC_STD."&lt;": metavalue detected, returning FALSE
../../src/ieee2008/numeric_std-body.vhdl:1195:7:@0ms:(assertion warning): NUMERIC_STD."&gt;": metavalue detected, returning FALSE
../../src/ieee2008/numeric_std-body.vhdl:1347:7:@0ms:(assertion warning): NUMERIC_STD."&lt;": metavalue detected, returning FALSE
../../src/ieee2008/numeric_std-body.vhdl:3036:7:@0ms:(assertion warning): NUMERIC_STD.TO_INTEGER: metavalue detected, returning 0
../../src/ieee2008/numeric_std-body.vhdl:1195:7:@0ms:(assertion warning): NUMERIC_STD."&gt;": metavalue detected, returning FALSE
../../src/ieee2008/numeric_std-body.vhdl:1347:7:@0ms:(assertion warning): NUMERIC_STD."&lt;": metavalue detected, returning FALSE
../../src/ieee2008/numeric_std-body.vhdl:1195:7:@0ms:(assertion warning): NUMERIC_STD."&gt;": metavalue detected, returning FALSE
../../src/ieee2008/numeric_std-body.vhdl:1347:7:@0ms:(assertion warning): NUMERIC_STD."&lt;": metavalue detected, returning FALSE
../../src/ieee2008/numeric_std-body.vhdl:3036:7:@0ms:(assertion warning): NUMERIC_STD.TO_INTEGER: metavalue detected, returning 0
../../src/ieee2008/numeric_std-body.vhdl:1195:7:@0ms:(assertion warning): NUMERIC_STD."&gt;": metavalue detected, returning FALSE
../../src/ieee2008/numeric_std-body.vhdl:1347:7:@0ms:(assertion warning): NUMERIC_STD."&lt;": metavalue detected, returning FALSE
../../src/ieee2008/numeric_std-body.vhdl:1195:7:@0ms:(assertion warning): NUMERIC_STD."&gt;": metavalue detected, returning FALSE
../../src/ieee2008/numeric_std-body.vhdl:1347:7:@0ms:(assertion warning): NUMERIC_STD."&lt;": metavalue detected, returning FALSE
../../src/ieee2008/numeric_std-body.vhdl:3036:7:@0ms:(assertion warning): NUMERIC_STD.TO_INTEGER: metavalue detected, returning 0
../../src/ieee2008/numeric_std-body.vhdl:1195:7:@0ms:(assertion warning): NUMERIC_STD."&gt;": metavalue detected, returning FALSE
../../src/ieee2008/numeric_std-body.vhdl:1347:7:@0ms:(assertion warning): NUMERIC_STD."&lt;": metavalue detected, returning FALSE
../../src/ieee2008/numeric_std-body.vhdl:1195:7:@0ms:(assertion warning): NUMERIC_STD."&gt;": metavalue detected, returning FALSE
../../src/ieee2008/numeric_std-body.vhdl:1347:7:@0ms:(assertion warning): NUMERIC_STD."&lt;": metavalue detected, returning FALSE
../../src/ieee2008/numeric_std-body.vhdl:3036:7:@0ms:(assertion warning): NUMERIC_STD.TO_INTEGER: metavalue detected, returning 0
../../src/ieee2008/numeric_std-body.vhdl:1195:7:@0ms:(assertion warning): NUMERIC_STD."&gt;": metavalue detected, returning FALSE
../../src/ieee2008/numeric_std-body.vhdl:1347:7:@0ms:(assertion warning): NUMERIC_STD."&lt;": metavalue detected, returning FALSE
../../src/ieee2008/numeric_std-body.vhdl:1195:7:@0ms:(assertion warning): NUMERIC_STD."&gt;": metavalue detected, returning FALSE
../../src/ieee2008/numeric_std-body.vhdl:1347:7:@0ms:(assertion warning): NUMERIC_STD."&lt;": metavalue detected, returning FALSE
../../src/ieee2008/numeric_std-body.vhdl:3036:7:@0ms:(assertion warning): NUMERIC_STD.TO_INTEGER: metavalue detected, returning 0
../../src/ieee2008/numeric_std-body.vhdl:1195:7:@0ms:(assertion warning): NUMERIC_STD."&gt;": metavalue detected, returning FALSE
../../src/ieee2008/numeric_std-body.vhdl:1347:7:@0ms:(assertion warning): NUMERIC_STD."&lt;": metavalue detected, returning FALSE
../../src/ieee2008/numeric_std-body.vhdl:1195:7:@0ms:(assertion warning): NUMERIC_STD."&gt;": metavalue detected, returning FALSE
../../src/ieee2008/numeric_std-body.vhdl:1347:7:@0ms:(assertion warning): NUMERIC_STD."&lt;": metavalue detected, returning FALSE
../../src/ieee2008/numeric_std-body.vhdl:1873:7:@0ms:(assertion warning): NUMERIC_STD."=": metavalue detected, returning FALSE
../../src/ieee2008/numeric_std-body.vhdl:1195:7:@0ms:(assertion warning): NUMERIC_STD."&gt;": metavalue detected, returning FALSE
../../src/ieee2008/numeric_std-body.vhdl:1347:7:@0ms:(assertion warning): NUMERIC_STD."&lt;": metavalue detected, returning FALSE
../../src/ieee2008/numeric_std-body.vhdl:1195:7:@0ms:(assertion warning): NUMERIC_STD."&gt;": metavalue detected, returning FALSE
../../src/ieee2008/numeric_std-body.vhdl:1347:7:@0ms:(assertion warning): NUMERIC_STD."&lt;": metavalue detected, returning FALSE
simulation stopped @0ms with status 0
</system-out></testcase><testcase classname="r2sdf_fft_lib.tb_rtwosdf" name="In enable = 0, Use noise file = True, number of points = 1024, use reorder = False,in data width = 8,out data width = 14, guard bit width = 2" time="0.5"><system-out>/home/talon/Documents/CASPERWORK/casper_dspdevel/casper_multiplier/tech_complex_mult.vhd:89:16:warning: instance "u0" of component "ip_cmult_infer" is not bound [-Wbinding]
/home/talon/Documents/CASPERWORK/casper_dspdevel/casper_multiplier/tech_complex_mult.vhd:58:14:warning: (in default configuration of tech_complex_mult(str))
/home/talon/Documents/CASPERWORK/casper_dspdevel/casper_multiplier/tech_complex_mult.vhd:113:16:warning: instance "u1" of component "ip_cmult_rtl" is not bound [-Wbinding]
/home/talon/Documents/CASPERWORK/casper_dspdevel/casper_multiplier/tech_complex_mult.vhd:58:14:warning: (in default configuration of tech_complex_mult(str))
/home/talon/Documents/CASPERWORK/casper_dspdevel/casper_ram/tech_memory_ram_crw_crw.vhd:94:16:warning: instance "u1" of component "ip_tdp_ram_infer" is not bound [-Wbinding]
/home/talon/Documents/CASPERWORK/casper_dspdevel/casper_ram/tech_memory_ram_crw_crw.vhd:60:14:warning: (in default configuration of tech_memory_ram_crw_crw(str))
/home/talon/Documents/CASPERWORK/casper_dspdevel/casper_ram/tech_memory_ram_cr_cw.vhd:82:16:warning: instance "u2" of component "ip_sdp_ram_infer" is not bound [-Wbinding]
/home/talon/Documents/CASPERWORK/casper_dspdevel/casper_ram/tech_memory_ram_cr_cw.vhd:56:14:warning: (in default configuration of tech_memory_ram_cr_cw(str))
../../src/ieee2008/numeric_std-body.vhdl:1195:7:@0ms:(assertion warning): NUMERIC_STD."&gt;": metavalue detected, returning FALSE
../../src/ieee2008/numeric_std-body.vhdl:1347:7:@0ms:(assertion warning): NUMERIC_STD."&lt;": metavalue detected, returning FALSE
../../src/ieee2008/numeric_std-body.vhdl:1195:7:@0ms:(assertion warning): NUMERIC_STD."&gt;": metavalue detected, returning FALSE
../../src/ieee2008/numeric_std-body.vhdl:1347:7:@0ms:(assertion warning): NUMERIC_STD."&lt;": metavalue detected, returning FALSE
../../src/ieee2008/numeric_std-body.vhdl:3036:7:@0ms:(assertion warning): NUMERIC_STD.TO_INTEGER: metavalue detected, returning 0
../../src/ieee2008/numeric_std-body.vhdl:1195:7:@0ms:(assertion warning): NUMERIC_STD."&gt;": metavalue detected, returning FALSE
../../src/ieee2008/numeric_std-body.vhdl:1347:7:@0ms:(assertion warning): NUMERIC_STD."&lt;": metavalue detected, returning FALSE
../../src/ieee2008/numeric_std-body.vhdl:1195:7:@0ms:(assertion warning): NUMERIC_STD."&gt;": metavalue detected, returning FALSE
../../src/ieee2008/numeric_std-body.vhdl:1347:7:@0ms:(assertion warning): NUMERIC_STD."&lt;": metavalue detected, returning FALSE
../../src/ieee2008/numeric_std-body.vhdl:3036:7:@0ms:(assertion warning): NUMERIC_STD.TO_INTEGER: metavalue detected, returning 0
../../src/ieee2008/numeric_std-body.vhdl:1195:7:@0ms:(assertion warning): NUMERIC_STD."&gt;": metavalue detected, returning FALSE
../../src/ieee2008/numeric_std-body.vhdl:1347:7:@0ms:(assertion warning): NUMERIC_STD."&lt;": metavalue detected, returning FALSE
../../src/ieee2008/numeric_std-body.vhdl:1195:7:@0ms:(assertion warning): NUMERIC_STD."&gt;": metavalue detected, returning FALSE
../../src/ieee2008/numeric_std-body.vhdl:1347:7:@0ms:(assertion warning): NUMERIC_STD."&lt;": metavalue detected, returning FALSE
../../src/ieee2008/numeric_std-body.vhdl:3036:7:@0ms:(assertion warning): NUMERIC_STD.TO_INTEGER: metavalue detected, returning 0
../../src/ieee2008/numeric_std-body.vhdl:1195:7:@0ms:(assertion warning): NUMERIC_STD."&gt;": metavalue detected, returning FALSE
../../src/ieee2008/numeric_std-body.vhdl:1347:7:@0ms:(assertion warning): NUMERIC_STD."&lt;": metavalue detected, returning FALSE
../../src/ieee2008/numeric_std-body.vhdl:1195:7:@0ms:(assertion warning): NUMERIC_STD."&gt;": metavalue detected, returning FALSE
../../src/ieee2008/numeric_std-body.vhdl:1347:7:@0ms:(assertion warning): NUMERIC_STD."&lt;": metavalue detected, returning FALSE
../../src/ieee2008/numeric_std-body.vhdl:3036:7:@0ms:(assertion warning): NUMERIC_STD.TO_INTEGER: metavalue detected, returning 0
../../src/ieee2008/numeric_std-body.vhdl:1195:7:@0ms:(assertion warning): NUMERIC_STD."&gt;": metavalue detected, returning FALSE
../../src/ieee2008/numeric_std-body.vhdl:1347:7:@0ms:(assertion warning): NUMERIC_STD."&lt;": metavalue detected, returning FALSE
../../src/ieee2008/numeric_std-body.vhdl:1195:7:@0ms:(assertion warning): NUMERIC_STD."&gt;": metavalue detected, returning FALSE
../../src/ieee2008/numeric_std-body.vhdl:1347:7:@0ms:(assertion warning): NUMERIC_STD."&lt;": metavalue detected, returning FALSE
../../src/ieee2008/numeric_std-body.vhdl:3036:7:@0ms:(assertion warning): NUMERIC_STD.TO_INTEGER: metavalue detected, returning 0
../../src/ieee2008/numeric_std-body.vhdl:1195:7:@0ms:(assertion warning): NUMERIC_STD."&gt;": metavalue detected, returning FALSE
../../src/ieee2008/numeric_std-body.vhdl:1347:7:@0ms:(assertion warning): NUMERIC_STD."&lt;": metavalue detected, returning FALSE
../../src/ieee2008/numeric_std-body.vhdl:1195:7:@0ms:(assertion warning): NUMERIC_STD."&gt;": metavalue detected, returning FALSE
../../src/ieee2008/numeric_std-body.vhdl:1347:7:@0ms:(assertion warning): NUMERIC_STD."&lt;": metavalue detected, returning FALSE
../../src/ieee2008/numeric_std-body.vhdl:3036:7:@0ms:(assertion warning): NUMERIC_STD.TO_INTEGER: metavalue detected, returning 0
../../src/ieee2008/numeric_std-body.vhdl:1195:7:@0ms:(assertion warning): NUMERIC_STD."&gt;": metavalue detected, returning FALSE
../../src/ieee2008/numeric_std-body.vhdl:1347:7:@0ms:(assertion warning): NUMERIC_STD."&lt;": metavalue detected, returning FALSE
../../src/ieee2008/numeric_std-body.vhdl:1195:7:@0ms:(assertion warning): NUMERIC_STD."&gt;": metavalue detected, returning FALSE
../../src/ieee2008/numeric_std-body.vhdl:1347:7:@0ms:(assertion warning): NUMERIC_STD."&lt;": metavalue detected, returning FALSE
../../src/ieee2008/numeric_std-body.vhdl:3036:7:@0ms:(assertion warning): NUMERIC_STD.TO_INTEGER: metavalue detected, returning 0
../../src/ieee2008/numeric_std-body.vhdl:1195:7:@0ms:(assertion warning): NUMERIC_STD."&gt;": metavalue detected, returning FALSE
../../src/ieee2008/numeric_std-body.vhdl:1347:7:@0ms:(assertion warning): NUMERIC_STD."&lt;": metavalue detected, returning FALSE
../../src/ieee2008/numeric_std-body.vhdl:1195:7:@0ms:(assertion warning): NUMERIC_STD."&gt;": metavalue detected, returning FALSE
../../src/ieee2008/numeric_std-body.vhdl:1347:7:@0ms:(assertion warning): NUMERIC_STD."&lt;": metavalue detected, returning FALSE
../../src/ieee2008/numeric_std-body.vhdl:3036:7:@0ms:(assertion warning): NUMERIC_STD.TO_INTEGER: metavalue detected, returning 0
../../src/ieee2008/numeric_std-body.vhdl:1195:7:@0ms:(assertion warning): NUMERIC_STD."&gt;": metavalue detected, returning FALSE
../../src/ieee2008/numeric_std-body.vhdl:1347:7:@0ms:(assertion warning): NUMERIC_STD."&lt;": metavalue detected, returning FALSE
../../src/ieee2008/numeric_std-body.vhdl:1195:7:@0ms:(assertion warning): NUMERIC_STD."&gt;": metavalue detected, returning FALSE
../../src/ieee2008/numeric_std-body.vhdl:1347:7:@0ms:(assertion warning): NUMERIC_STD."&lt;": metavalue detected, returning FALSE
../../src/ieee2008/numeric_std-body.vhdl:3036:7:@0ms:(assertion warning): NUMERIC_STD.TO_INTEGER: metavalue detected, returning 0
../../src/ieee2008/numeric_std-body.vhdl:1195:7:@0ms:(assertion warning): NUMERIC_STD."&gt;": metavalue detected, returning FALSE
../../src/ieee2008/numeric_std-body.vhdl:1347:7:@0ms:(assertion warning): NUMERIC_STD."&lt;": metavalue detected, returning FALSE
../../src/ieee2008/numeric_std-body.vhdl:1195:7:@0ms:(assertion warning): NUMERIC_STD."&gt;": metavalue detected, returning FALSE
../../src/ieee2008/numeric_std-body.vhdl:1347:7:@0ms:(assertion warning): NUMERIC_STD."&lt;": metavalue detected, returning FALSE
../../src/ieee2008/numeric_std-body.vhdl:1195:7:@0ms:(assertion warning): NUMERIC_STD."&gt;": metavalue detected, returning FALSE
../../src/ieee2008/numeric_std-body.vhdl:1347:7:@0ms:(assertion warning): NUMERIC_STD."&lt;": metavalue detected, returning FALSE
../../src/ieee2008/numeric_std-body.vhdl:1195:7:@0ms:(assertion warning): NUMERIC_STD."&gt;": metavalue detected, returning FALSE
../../src/ieee2008/numeric_std-body.vhdl:1347:7:@0ms:(assertion warning): NUMERIC_STD."&lt;": metavalue detected, returning FALSE
simulation stopped @0ms with status 0
</system-out></testcase></testsuite>